#
# There is insufficient memory for the Java Runtime Environment to continue.
# Native memory allocation (mmap) failed to map 268435456 bytes for G1 virtual space
# Possible reasons:
#   The system is out of physical RAM or swap space
#   The process is running with CompressedOops enabled, and the Java Heap may be blocking the growth of the native heap
# Possible solutions:
#   Reduce memory load on the system
#   Increase physical memory or swap space
#   Check if swap backing store is full
#   Decrease Java heap size (-Xmx/-Xms)
#   Decrease number of Java threads
#   Decrease Java thread stack sizes (-Xss)
#   Set larger code cache with -XX:ReservedCodeCacheSize=
#   JVM is running with Unscaled Compressed Oops mode in which the Java heap is
#     placed in the first 4GB address space. The Java Heap base address is the
#     maximum limit for the native heap growth. Please use -XX:HeapBaseMinAddress
#     to set the Java Heap base and to place the Java Heap above 4GB virtual address.
# This output file may be truncated or incomplete.
#
#  Out of Memory Error (os_windows.cpp:3466), pid=15956, tid=18084
#
# JRE version: Java(TM) SE Runtime Environment (16.0+36) (build 16+36-2231)
# Java VM: Java HotSpot(TM) 64-Bit Server VM (16+36-2231, mixed mode, sharing, tiered, compressed oops, g1 gc, windows-amd64)
# No core dump will be written. Minidumps are not enabled by default on client versions of Windows
#

---------------  S U M M A R Y ------------

Command Line: -Dfile.encoding=UTF-8 --module-path=D:\NetBeansProjects\AppChatFinal\build\classes main.Main

Host: Intel(R) Core(TM) i5-8250U CPU @ 1.60GHz, 8 cores, 7G,  Windows 10 , 64 bit Build 19041 (10.0.19041.1202)
Time: Sat Nov  6 00:31:50 2021 SE Asia Standard Time elapsed time: 2.323315 seconds (0d 0h 0m 2s)

---------------  T H R E A D  ---------------

Current thread (0x000002693646cdb0):  VMThread "VM Thread" [stack: 0x0000006acc900000,0x0000006acca00000] [id=18084]

Stack: [0x0000006acc900000,0x0000006acca00000]
Native frames: (J=compiled Java code, j=interpreted, Vv=VM code, C=native code)
V  [jvm.dll+0x6681da]
V  [jvm.dll+0x7c9d99]
V  [jvm.dll+0x7cb4d3]
V  [jvm.dll+0x7cbb33]
V  [jvm.dll+0x242ee5]
V  [jvm.dll+0x664f99]
V  [jvm.dll+0x659b85]
V  [jvm.dll+0x2fbfcb]
V  [jvm.dll+0x3031c6]
V  [jvm.dll+0x352a0e]
V  [jvm.dll+0x352c3f]
V  [jvm.dll+0x2d3038]
V  [jvm.dll+0x2d0bc5]
V  [jvm.dll+0x2d01fc]
V  [jvm.dll+0x3156a3]
V  [jvm.dll+0x7cff2b]
V  [jvm.dll+0x7d0c24]
V  [jvm.dll+0x7d1129]
V  [jvm.dll+0x7d13e4]
V  [jvm.dll+0x7d14b0]
V  [jvm.dll+0x77952a]
V  [jvm.dll+0x667076]
C  [ucrtbase.dll+0x21bb2]
C  [KERNEL32.DLL+0x17034]
C  [ntdll.dll+0x52651]

VM_Operation (0x0000006acdafcc40): G1TryInitiateConcMark, mode: safepoint, requested by thread 0x000002693732bb80


---------------  P R O C E S S  ---------------

Threads class SMR info:
_java_thread_list=0x000002693847d9b0, length=18, elements={
0x0000026936471800, 0x00000269364725d0, 0x000002693647d0b0, 0x000002693647fad0,
0x00000269364803e0, 0x0000026936480cf0, 0x0000026936482140, 0x0000026936490060,
0x00000269364911c0, 0x000002693644e490, 0x00000269370fba70, 0x00000269372c7480,
0x00000269372ca5d0, 0x00000269372caaf0, 0x000002693732bb80, 0x00000269184a7ef0,
0x00000269382c2fa0, 0x00000269382fe410
}

Java Threads: ( => current thread )
  0x0000026936471800 JavaThread "Reference Handler" daemon [_thread_blocked, id=13984, stack(0x0000006acca00000,0x0000006accb00000)]
  0x00000269364725d0 JavaThread "Finalizer" daemon [_thread_blocked, id=19148, stack(0x0000006accb00000,0x0000006accc00000)]
  0x000002693647d0b0 JavaThread "Signal Dispatcher" daemon [_thread_blocked, id=18828, stack(0x0000006accc00000,0x0000006accd00000)]
  0x000002693647fad0 JavaThread "Attach Listener" daemon [_thread_blocked, id=21244, stack(0x0000006accd00000,0x0000006acce00000)]
  0x00000269364803e0 JavaThread "Service Thread" daemon [_thread_blocked, id=20276, stack(0x0000006acce00000,0x0000006accf00000)]
  0x0000026936480cf0 JavaThread "Monitor Deflation Thread" daemon [_thread_blocked, id=11248, stack(0x0000006accf00000,0x0000006acd000000)]
  0x0000026936482140 JavaThread "C2 CompilerThread0" daemon [_thread_blocked, id=11556, stack(0x0000006acd000000,0x0000006acd100000)]
  0x0000026936490060 JavaThread "C1 CompilerThread0" daemon [_thread_blocked, id=16228, stack(0x0000006acd100000,0x0000006acd200000)]
  0x00000269364911c0 JavaThread "Sweeper thread" daemon [_thread_blocked, id=8528, stack(0x0000006acd200000,0x0000006acd300000)]
  0x000002693644e490 JavaThread "Common-Cleaner" daemon [_thread_blocked, id=11688, stack(0x0000006acd300000,0x0000006acd400000)]
  0x00000269370fba70 JavaThread "Notification Thread" daemon [_thread_blocked, id=18964, stack(0x0000006acd500000,0x0000006acd600000)]
  0x00000269372c7480 JavaThread "Java2D Disposer" daemon [_thread_blocked, id=1608, stack(0x0000006acd700000,0x0000006acd800000)]
  0x00000269372ca5d0 JavaThread "AWT-Shutdown" [_thread_blocked, id=21332, stack(0x0000006acd800000,0x0000006acd900000)]
  0x00000269372caaf0 JavaThread "AWT-Windows" daemon [_thread_blocked, id=14108, stack(0x0000006acd900000,0x0000006acda00000)]
  0x000002693732bb80 JavaThread "AWT-EventQueue-0" [_thread_blocked, id=20308, stack(0x0000006acda00000,0x0000006acdb00000)]
  0x00000269184a7ef0 JavaThread "DestroyJavaVM" [_thread_blocked, id=6036, stack(0x0000006acc300000,0x0000006acc400000)]
  0x00000269382c2fa0 JavaThread "Image Fetcher 0" daemon [_thread_blocked, id=9600, stack(0x0000006acdb00000,0x0000006acdc00000)]
  0x00000269382fe410 JavaThread "TimerQueue" daemon [_thread_blocked, id=19184, stack(0x0000006acdc00000,0x0000006acdd00000)]

Other Threads:
=>0x000002693646cdb0 VMThread "VM Thread" [stack: 0x0000006acc900000,0x0000006acca00000] [id=18084]
  0x00000269184a8ef0 WatcherThread [stack: 0x0000006acd600000,0x0000006acd700000] [id=1540]
  0x00000269184e7d10 GCTaskThread "GC Thread#0" [stack: 0x0000006acc400000,0x0000006acc500000] [id=20764]
  0x00000269394e1b30 GCTaskThread "GC Thread#1" [stack: 0x0000006ace000000,0x0000006ace100000] [id=14536]
  0x00000269394e1e40 GCTaskThread "GC Thread#2" [stack: 0x0000006ace100000,0x0000006ace200000] [id=14780]
  0x0000026938492c60 GCTaskThread "GC Thread#3" [stack: 0x0000006ace200000,0x0000006ace300000] [id=21112]
  0x0000026938492f70 GCTaskThread "GC Thread#4" [stack: 0x0000006ace300000,0x0000006ace400000] [id=15576]
  0x0000026938493280 GCTaskThread "GC Thread#5" [stack: 0x0000006ace400000,0x0000006ace500000] [id=19692]
  0x00000269384b6aa0 GCTaskThread "GC Thread#6" [stack: 0x0000006ace500000,0x0000006ace600000] [id=11936]
  0x000002693949dba0 GCTaskThread "GC Thread#7" [stack: 0x0000006ace600000,0x0000006ace700000] [id=14308]
  0x00000269184fae00 ConcurrentGCThread "G1 Main Marker" [stack: 0x0000006acc500000,0x0000006acc600000] [id=16164]
  0x00000269184fb800 ConcurrentGCThread "G1 Conc#0" [stack: 0x0000006acc600000,0x0000006acc700000] [id=20184]
  0x000002691858ad10 ConcurrentGCThread "G1 Refine#0" [stack: 0x0000006acc700000,0x0000006acc800000] [id=9332]
  0x000002691858b720 ConcurrentGCThread "G1 Service" [stack: 0x0000006acc800000,0x0000006acc900000] [id=14068]

Threads with active compile tasks:
C2 CompilerThread0     2373 1819       4       sun.java2d.marlin.MarlinTileGenerator::getAlphaRLE (1749 bytes)

VM state: at safepoint (normal execution)

VM Mutex/Monitor currently owned by a thread:  ([mutex/lock_event])
[0x00000269184a4860] Threads_lock - owner thread: 0x000002693646cdb0
[0x00000269184a43e0] Heap_lock - owner thread: 0x000002693732bb80

Heap address: 0x0000000081c00000, size: 2020 MB, Compressed Oops mode: 32-bit
CDS archive(s) mapped at: [0x0000000800000000-0x0000000800bb0000-0x0000000800bb0000), size 12255232, SharedBaseAddress: 0x0000000800000000, ArchiveRelocationMode: 0.
Compressed class space mapped at: 0x0000000800c00000-0x0000000840c00000, reserved size: 1073741824
Narrow klass base: 0x0000000800000000, Narrow klass shift: 3, Narrow klass range: 0x100000000

GC Precious Log:
 CPUs: 8 total, 8 available
 Memory: 8075M
 Large Page Support: Disabled
 NUMA Support: Disabled
 Compressed Oops: Enabled (32-bit)
 Heap Region Size: 1M
 Heap Min Capacity: 8M
 Heap Initial Capacity: 128M
 Heap Max Capacity: 2020M
 Pre-touch: Disabled
 Parallel Workers: 8
 Concurrent Workers: 2
 Concurrent Refinement Workers: 8
 Periodic GC: Disabled

Heap:
 garbage-first heap   total 131072K, used 26886K [0x0000000081c00000, 0x0000000100000000)
  region size 1024K, 1 young (1024K), 1 survivors (1024K)
 Metaspace       used 12648K, committed 12864K, reserved 1064960K
  class space    used 1477K, committed 1600K, reserved 1048576K

Heap Regions: E=young(eden), S=young(survivor), O=old, HS=humongous(starts), HC=humongous(continues), CS=collection set, F=free, OA=open archive, CA=closed archive, TAMS=top-at-mark-start (previous, next)
|   0|0x0000000081c00000, 0x0000000081d00000, 0x0000000081d00000|100%|HS|  |TAMS 0x0000000081c00000, 0x0000000081d00000| Complete 
|   1|0x0000000081d00000, 0x0000000081e00000, 0x0000000081e00000|100%|HC|  |TAMS 0x0000000081d00000, 0x0000000081e00000| Complete 
|   2|0x0000000081e00000, 0x0000000081f00000, 0x0000000081f00000|100%|HC|  |TAMS 0x0000000081e00000, 0x0000000081f00000| Complete 
|   3|0x0000000081f00000, 0x0000000082000000, 0x0000000082000000|100%|HC|  |TAMS 0x0000000081f00000, 0x0000000082000000| Complete 
|   4|0x0000000082000000, 0x0000000082100000, 0x0000000082100000|100%|HC|  |TAMS 0x0000000082000000, 0x0000000082100000| Complete 
|   5|0x0000000082100000, 0x0000000082200000, 0x0000000082200000|100%|HS|  |TAMS 0x0000000082100000, 0x0000000082200000| Complete 
|   6|0x0000000082200000, 0x0000000082300000, 0x0000000082300000|100%|HC|  |TAMS 0x0000000082200000, 0x0000000082300000| Complete 
|   7|0x0000000082300000, 0x0000000082400000, 0x0000000082400000|100%|HS|  |TAMS 0x0000000082300000, 0x0000000082400000| Complete 
|   8|0x0000000082400000, 0x0000000082500000, 0x0000000082500000|100%|HC|  |TAMS 0x0000000082400000, 0x0000000082500000| Complete 
|   9|0x0000000082500000, 0x0000000082600000, 0x0000000082600000|100%|HC|  |TAMS 0x0000000082500000, 0x0000000082600000| Complete 
|  10|0x0000000082600000, 0x0000000082700000, 0x0000000082700000|100%|HC|  |TAMS 0x0000000082600000, 0x0000000082700000| Complete 
|  11|0x0000000082700000, 0x0000000082800000, 0x0000000082800000|100%|HC|  |TAMS 0x0000000082700000, 0x0000000082800000| Complete 
|  12|0x0000000082800000, 0x0000000082900000, 0x0000000082900000|100%|HC|  |TAMS 0x0000000082800000, 0x0000000082900000| Complete 
|  13|0x0000000082900000, 0x0000000082a00000, 0x0000000082a00000|100%| O|  |TAMS 0x0000000082900000, 0x0000000082a00000| Untracked 
|  14|0x0000000082a00000, 0x0000000082b00000, 0x0000000082b00000|100%|HS|  |TAMS 0x0000000082a00000, 0x0000000082b00000| Complete 
|  15|0x0000000082b00000, 0x0000000082c00000, 0x0000000082c00000|100%|HC|  |TAMS 0x0000000082b00000, 0x0000000082c00000| Complete 
|  16|0x0000000082c00000, 0x0000000082d00000, 0x0000000082d00000|100%|HC|  |TAMS 0x0000000082c00000, 0x0000000082d00000| Complete 
|  17|0x0000000082d00000, 0x0000000082e00000, 0x0000000082e00000|100%|HC|  |TAMS 0x0000000082d00000, 0x0000000082e00000| Complete 
|  18|0x0000000082e00000, 0x0000000082e00000, 0x0000000082f00000|  0%| F|  |TAMS 0x0000000082e00000, 0x0000000082e00000| Untracked 
|  19|0x0000000082f00000, 0x0000000082f00000, 0x0000000083000000|  0%| F|  |TAMS 0x0000000082f00000, 0x0000000082f00000| Untracked 
|  20|0x0000000083000000, 0x0000000083000000, 0x0000000083100000|  0%| F|  |TAMS 0x0000000083000000, 0x0000000083000000| Untracked 
|  21|0x0000000083100000, 0x0000000083100000, 0x0000000083200000|  0%| F|  |TAMS 0x0000000083100000, 0x0000000083100000| Untracked 
|  22|0x0000000083200000, 0x0000000083200000, 0x0000000083300000|  0%| F|  |TAMS 0x0000000083200000, 0x0000000083200000| Untracked 
|  23|0x0000000083300000, 0x0000000083300000, 0x0000000083400000|  0%| F|  |TAMS 0x0000000083300000, 0x0000000083300000| Untracked 
|  24|0x0000000083400000, 0x0000000083400000, 0x0000000083500000|  0%| F|  |TAMS 0x0000000083400000, 0x0000000083400000| Untracked 
|  25|0x0000000083500000, 0x0000000083500000, 0x0000000083600000|  0%| F|  |TAMS 0x0000000083500000, 0x0000000083500000| Untracked 
|  26|0x0000000083600000, 0x0000000083600000, 0x0000000083700000|  0%| F|  |TAMS 0x0000000083600000, 0x0000000083600000| Untracked 
|  27|0x0000000083700000, 0x0000000083700000, 0x0000000083800000|  0%| F|  |TAMS 0x0000000083700000, 0x0000000083700000| Untracked 
|  28|0x0000000083800000, 0x0000000083800000, 0x0000000083900000|  0%| F|  |TAMS 0x0000000083800000, 0x0000000083800000| Untracked 
|  29|0x0000000083900000, 0x0000000083900000, 0x0000000083a00000|  0%| F|  |TAMS 0x0000000083900000, 0x0000000083900000| Untracked 
|  30|0x0000000083a00000, 0x0000000083a00000, 0x0000000083b00000|  0%| F|  |TAMS 0x0000000083a00000, 0x0000000083a00000| Untracked 
|  31|0x0000000083b00000, 0x0000000083b00000, 0x0000000083c00000|  0%| F|  |TAMS 0x0000000083b00000, 0x0000000083b00000| Untracked 
|  32|0x0000000083c00000, 0x0000000083c00000, 0x0000000083d00000|  0%| F|  |TAMS 0x0000000083c00000, 0x0000000083c00000| Untracked 
|  33|0x0000000083d00000, 0x0000000083d00000, 0x0000000083e00000|  0%| F|  |TAMS 0x0000000083d00000, 0x0000000083d00000| Untracked 
|  34|0x0000000083e00000, 0x0000000083e00000, 0x0000000083f00000|  0%| F|  |TAMS 0x0000000083e00000, 0x0000000083e00000| Untracked 
|  35|0x0000000083f00000, 0x0000000083f00000, 0x0000000084000000|  0%| F|  |TAMS 0x0000000083f00000, 0x0000000083f00000| Untracked 
|  36|0x0000000084000000, 0x0000000084000000, 0x0000000084100000|  0%| F|  |TAMS 0x0000000084000000, 0x0000000084000000| Untracked 
|  37|0x0000000084100000, 0x0000000084100000, 0x0000000084200000|  0%| F|  |TAMS 0x0000000084100000, 0x0000000084100000| Untracked 
|  38|0x0000000084200000, 0x0000000084200000, 0x0000000084300000|  0%| F|  |TAMS 0x0000000084200000, 0x0000000084200000| Untracked 
|  39|0x0000000084300000, 0x0000000084300000, 0x0000000084400000|  0%| F|  |TAMS 0x0000000084300000, 0x0000000084300000| Untracked 
|  40|0x0000000084400000, 0x0000000084400000, 0x0000000084500000|  0%| F|  |TAMS 0x0000000084400000, 0x0000000084400000| Untracked 
|  41|0x0000000084500000, 0x0000000084500000, 0x0000000084600000|  0%| F|  |TAMS 0x0000000084500000, 0x0000000084500000| Untracked 
|  42|0x0000000084600000, 0x0000000084600000, 0x0000000084700000|  0%| F|  |TAMS 0x0000000084600000, 0x0000000084600000| Untracked 
|  43|0x0000000084700000, 0x0000000084700000, 0x0000000084800000|  0%| F|  |TAMS 0x0000000084700000, 0x0000000084700000| Untracked 
|  44|0x0000000084800000, 0x0000000084800000, 0x0000000084900000|  0%| F|  |TAMS 0x0000000084800000, 0x0000000084800000| Untracked 
|  45|0x0000000084900000, 0x0000000084900000, 0x0000000084a00000|  0%| F|  |TAMS 0x0000000084900000, 0x0000000084900000| Untracked 
|  46|0x0000000084a00000, 0x0000000084a00000, 0x0000000084b00000|  0%| F|  |TAMS 0x0000000084a00000, 0x0000000084a00000| Untracked 
|  47|0x0000000084b00000, 0x0000000084b00000, 0x0000000084c00000|  0%| F|  |TAMS 0x0000000084b00000, 0x0000000084b00000| Untracked 
|  48|0x0000000084c00000, 0x0000000084c00000, 0x0000000084d00000|  0%| F|  |TAMS 0x0000000084c00000, 0x0000000084c00000| Untracked 
|  49|0x0000000084d00000, 0x0000000084e00000, 0x0000000084e00000|100%|HS|  |TAMS 0x0000000084d00000, 0x0000000084e00000| Complete 
|  50|0x0000000084e00000, 0x0000000084f00000, 0x0000000084f00000|100%|HC|  |TAMS 0x0000000084e00000, 0x0000000084f00000| Complete 
|  51|0x0000000084f00000, 0x0000000085000000, 0x0000000085000000|100%|HC|  |TAMS 0x0000000084f00000, 0x0000000085000000| Complete 
|  52|0x0000000085000000, 0x0000000085100000, 0x0000000085100000|100%|HC|  |TAMS 0x0000000085000000, 0x0000000085100000| Complete 
|  53|0x0000000085100000, 0x0000000085200000, 0x0000000085200000|100%|HC|  |TAMS 0x0000000085100000, 0x0000000085200000| Complete 
|  54|0x0000000085200000, 0x0000000085300000, 0x0000000085300000|100%| O|  |TAMS 0x0000000085200000, 0x0000000085300000| Untracked 
|  55|0x0000000085300000, 0x0000000085400000, 0x0000000085400000|100%| O|  |TAMS 0x0000000085300000, 0x0000000085400000| Untracked 
|  56|0x0000000085400000, 0x00000000854db600, 0x0000000085500000| 85%| O|  |TAMS 0x0000000085400000, 0x00000000854db600| Untracked 
|  57|0x0000000085500000, 0x0000000085500000, 0x0000000085600000|  0%| F|  |TAMS 0x0000000085500000, 0x0000000085500000| Untracked 
|  58|0x0000000085600000, 0x0000000085600000, 0x0000000085700000|  0%| F|  |TAMS 0x0000000085600000, 0x0000000085600000| Untracked 
|  59|0x0000000085700000, 0x0000000085700000, 0x0000000085800000|  0%| F|  |TAMS 0x0000000085700000, 0x0000000085700000| Untracked 
|  60|0x0000000085800000, 0x0000000085800000, 0x0000000085900000|  0%| F|  |TAMS 0x0000000085800000, 0x0000000085800000| Untracked 
|  61|0x0000000085900000, 0x0000000085900000, 0x0000000085a00000|  0%| F|  |TAMS 0x0000000085900000, 0x0000000085900000| Untracked 
|  62|0x0000000085a00000, 0x0000000085a00000, 0x0000000085b00000|  0%| F|  |TAMS 0x0000000085a00000, 0x0000000085a00000| Untracked 
|  63|0x0000000085b00000, 0x0000000085b00000, 0x0000000085c00000|  0%| F|  |TAMS 0x0000000085b00000, 0x0000000085b00000| Untracked 
|  64|0x0000000085c00000, 0x0000000085c00000, 0x0000000085d00000|  0%| F|  |TAMS 0x0000000085c00000, 0x0000000085c00000| Untracked 
|  65|0x0000000085d00000, 0x0000000085d00000, 0x0000000085e00000|  0%| F|  |TAMS 0x0000000085d00000, 0x0000000085d00000| Untracked 
|  66|0x0000000085e00000, 0x0000000085e00000, 0x0000000085f00000|  0%| F|  |TAMS 0x0000000085e00000, 0x0000000085e00000| Untracked 
|  67|0x0000000085f00000, 0x0000000085f00000, 0x0000000086000000|  0%| F|  |TAMS 0x0000000085f00000, 0x0000000085f00000| Untracked 
|  68|0x0000000086000000, 0x0000000086000000, 0x0000000086100000|  0%| F|  |TAMS 0x0000000086000000, 0x0000000086000000| Untracked 
|  69|0x0000000086100000, 0x0000000086100000, 0x0000000086200000|  0%| F|  |TAMS 0x0000000086100000, 0x0000000086100000| Untracked 
|  70|0x0000000086200000, 0x0000000086200000, 0x0000000086300000|  0%| F|  |TAMS 0x0000000086200000, 0x0000000086200000| Untracked 
|  71|0x0000000086300000, 0x0000000086300000, 0x0000000086400000|  0%| F|  |TAMS 0x0000000086300000, 0x0000000086300000| Untracked 
|  72|0x0000000086400000, 0x0000000086400000, 0x0000000086500000|  0%| F|  |TAMS 0x0000000086400000, 0x0000000086400000| Untracked 
|  73|0x0000000086500000, 0x0000000086500000, 0x0000000086600000|  0%| F|  |TAMS 0x0000000086500000, 0x0000000086500000| Untracked 
|  74|0x0000000086600000, 0x0000000086600000, 0x0000000086700000|  0%| F|  |TAMS 0x0000000086600000, 0x0000000086600000| Untracked 
|  75|0x0000000086700000, 0x0000000086700000, 0x0000000086800000|  0%| F|  |TAMS 0x0000000086700000, 0x0000000086700000| Untracked 
|  76|0x0000000086800000, 0x0000000086800000, 0x0000000086900000|  0%| F|  |TAMS 0x0000000086800000, 0x0000000086800000| Untracked 
|  77|0x0000000086900000, 0x0000000086900000, 0x0000000086a00000|  0%| F|  |TAMS 0x0000000086900000, 0x0000000086900000| Untracked 
|  78|0x0000000086a00000, 0x0000000086a00000, 0x0000000086b00000|  0%| F|  |TAMS 0x0000000086a00000, 0x0000000086a00000| Untracked 
|  79|0x0000000086b00000, 0x0000000086b00000, 0x0000000086c00000|  0%| F|  |TAMS 0x0000000086b00000, 0x0000000086b00000| Untracked 
|  80|0x0000000086c00000, 0x0000000086c00000, 0x0000000086d00000|  0%| F|  |TAMS 0x0000000086c00000, 0x0000000086c00000| Untracked 
|  81|0x0000000086d00000, 0x0000000086d00000, 0x0000000086e00000|  0%| F|  |TAMS 0x0000000086d00000, 0x0000000086d00000| Untracked 
|  82|0x0000000086e00000, 0x0000000086e00000, 0x0000000086f00000|  0%| F|  |TAMS 0x0000000086e00000, 0x0000000086e00000| Untracked 
|  83|0x0000000086f00000, 0x0000000086f00000, 0x0000000087000000|  0%| F|  |TAMS 0x0000000086f00000, 0x0000000086f00000| Untracked 
|  84|0x0000000087000000, 0x0000000087000000, 0x0000000087100000|  0%| F|  |TAMS 0x0000000087000000, 0x0000000087000000| Untracked 
|  85|0x0000000087100000, 0x0000000087100000, 0x0000000087200000|  0%| F|  |TAMS 0x0000000087100000, 0x0000000087100000| Untracked 
|  86|0x0000000087200000, 0x0000000087200000, 0x0000000087300000|  0%| F|  |TAMS 0x0000000087200000, 0x0000000087200000| Untracked 
|  87|0x0000000087300000, 0x0000000087300000, 0x0000000087400000|  0%| F|  |TAMS 0x0000000087300000, 0x0000000087300000| Untracked 
|  88|0x0000000087400000, 0x0000000087400000, 0x0000000087500000|  0%| F|  |TAMS 0x0000000087400000, 0x0000000087400000| Untracked 
|  89|0x0000000087500000, 0x0000000087500000, 0x0000000087600000|  0%| F|  |TAMS 0x0000000087500000, 0x0000000087500000| Untracked 
|  90|0x0000000087600000, 0x0000000087600000, 0x0000000087700000|  0%| F|  |TAMS 0x0000000087600000, 0x0000000087600000| Untracked 
|  91|0x0000000087700000, 0x0000000087700000, 0x0000000087800000|  0%| F|  |TAMS 0x0000000087700000, 0x0000000087700000| Untracked 
|  92|0x0000000087800000, 0x0000000087800000, 0x0000000087900000|  0%| F|  |TAMS 0x0000000087800000, 0x0000000087800000| Untracked 
|  93|0x0000000087900000, 0x0000000087900000, 0x0000000087a00000|  0%| F|  |TAMS 0x0000000087900000, 0x0000000087900000| Untracked 
|  94|0x0000000087a00000, 0x0000000087a00000, 0x0000000087b00000|  0%| F|  |TAMS 0x0000000087a00000, 0x0000000087a00000| Untracked 
|  95|0x0000000087b00000, 0x0000000087b00000, 0x0000000087c00000|  0%| F|  |TAMS 0x0000000087b00000, 0x0000000087b00000| Untracked 
|  96|0x0000000087c00000, 0x0000000087c00000, 0x0000000087d00000|  0%| F|  |TAMS 0x0000000087c00000, 0x0000000087c00000| Untracked 
|  97|0x0000000087d00000, 0x0000000087d00000, 0x0000000087e00000|  0%| F|  |TAMS 0x0000000087d00000, 0x0000000087d00000| Untracked 
|  98|0x0000000087e00000, 0x0000000087e00000, 0x0000000087f00000|  0%| F|  |TAMS 0x0000000087e00000, 0x0000000087e00000| Untracked 
|  99|0x0000000087f00000, 0x0000000087f00000, 0x0000000088000000|  0%| F|  |TAMS 0x0000000087f00000, 0x0000000087f00000| Untracked 
| 100|0x0000000088000000, 0x0000000088000000, 0x0000000088100000|  0%| F|  |TAMS 0x0000000088000000, 0x0000000088000000| Untracked 
| 101|0x0000000088100000, 0x0000000088100000, 0x0000000088200000|  0%| F|  |TAMS 0x0000000088100000, 0x0000000088100000| Untracked 
| 102|0x0000000088200000, 0x0000000088200000, 0x0000000088300000|  0%| F|  |TAMS 0x0000000088200000, 0x0000000088200000| Untracked 
| 103|0x0000000088300000, 0x0000000088300000, 0x0000000088400000|  0%| F|  |TAMS 0x0000000088300000, 0x0000000088300000| Untracked 
| 104|0x0000000088400000, 0x0000000088400000, 0x0000000088500000|  0%| F|  |TAMS 0x0000000088400000, 0x0000000088400000| Untracked 
| 105|0x0000000088500000, 0x0000000088500000, 0x0000000088600000|  0%| F|  |TAMS 0x0000000088500000, 0x0000000088500000| Untracked 
| 106|0x0000000088600000, 0x0000000088600000, 0x0000000088700000|  0%| F|  |TAMS 0x0000000088600000, 0x0000000088600000| Untracked 
| 107|0x0000000088700000, 0x0000000088700000, 0x0000000088800000|  0%| F|  |TAMS 0x0000000088700000, 0x0000000088700000| Untracked 
| 108|0x0000000088800000, 0x0000000088800000, 0x0000000088900000|  0%| F|  |TAMS 0x0000000088800000, 0x0000000088800000| Untracked 
| 109|0x0000000088900000, 0x0000000088900000, 0x0000000088a00000|  0%| F|  |TAMS 0x0000000088900000, 0x0000000088900000| Untracked 
| 110|0x0000000088a00000, 0x0000000088a00000, 0x0000000088b00000|  0%| F|  |TAMS 0x0000000088a00000, 0x0000000088a00000| Untracked 
| 111|0x0000000088b00000, 0x0000000088b00000, 0x0000000088c00000|  0%| F|  |TAMS 0x0000000088b00000, 0x0000000088b00000| Untracked 
| 112|0x0000000088c00000, 0x0000000088c00000, 0x0000000088d00000|  0%| F|  |TAMS 0x0000000088c00000, 0x0000000088c00000| Untracked 
| 113|0x0000000088d00000, 0x0000000088d00000, 0x0000000088e00000|  0%| F|  |TAMS 0x0000000088d00000, 0x0000000088d00000| Untracked 
| 114|0x0000000088e00000, 0x0000000088e00000, 0x0000000088f00000|  0%| F|  |TAMS 0x0000000088e00000, 0x0000000088e00000| Untracked 
| 115|0x0000000088f00000, 0x0000000088f00000, 0x0000000089000000|  0%| F|  |TAMS 0x0000000088f00000, 0x0000000088f00000| Untracked 
| 116|0x0000000089000000, 0x0000000089000000, 0x0000000089100000|  0%| F|  |TAMS 0x0000000089000000, 0x0000000089000000| Untracked 
| 117|0x0000000089100000, 0x0000000089100000, 0x0000000089200000|  0%| F|  |TAMS 0x0000000089100000, 0x0000000089100000| Untracked 
| 118|0x0000000089200000, 0x0000000089200000, 0x0000000089300000|  0%| F|  |TAMS 0x0000000089200000, 0x0000000089200000| Untracked 
| 119|0x0000000089300000, 0x0000000089300000, 0x0000000089400000|  0%| F|  |TAMS 0x0000000089300000, 0x0000000089300000| Untracked 
| 120|0x0000000089400000, 0x0000000089400000, 0x0000000089500000|  0%| F|  |TAMS 0x0000000089400000, 0x0000000089400000| Untracked 
| 121|0x0000000089500000, 0x0000000089500000, 0x0000000089600000|  0%| F|  |TAMS 0x0000000089500000, 0x0000000089500000| Untracked 
| 122|0x0000000089600000, 0x0000000089600000, 0x0000000089700000|  0%| F|  |TAMS 0x0000000089600000, 0x0000000089600000| Untracked 
| 123|0x0000000089700000, 0x0000000089700000, 0x0000000089800000|  0%| F|  |TAMS 0x0000000089700000, 0x0000000089700000| Untracked 
| 124|0x0000000089800000, 0x0000000089800000, 0x0000000089900000|  0%| F|  |TAMS 0x0000000089800000, 0x0000000089800000| Untracked 
| 125|0x0000000089900000, 0x0000000089900000, 0x0000000089a00000|  0%| F|  |TAMS 0x0000000089900000, 0x0000000089900000| Untracked 
| 126|0x0000000089a00000, 0x0000000089a662f0, 0x0000000089b00000| 39%| S|CS|TAMS 0x0000000089a00000, 0x0000000089a00000| Complete 
| 127|0x0000000089b00000, 0x0000000089b00000, 0x0000000089c00000|  0%| F|  |TAMS 0x0000000089b00000, 0x0000000089b00000| Untracked 

Card table byte_map: [0x000002692f370000,0x000002692f770000] _byte_map_base: 0x000002692ef62000

Marking Bits (Prev, Next): (CMBitMap*) 0x00000269184ea730, (CMBitMap*) 0x00000269184ea770
 Prev Bits: [0x000002692fb70000, 0x0000026931b00000)
 Next Bits: [0x0000026931b00000, 0x0000026933a90000)

Polling page: 0x0000026917c90000

Metaspace:

Usage:
  Non-class:     10.91 MB used.
      Class:      1.44 MB used.
       Both:     12.35 MB used.

Virtual space:
  Non-class space:       16.00 MB reserved,      11.00 MB ( 69%) committed,  2 nodes.
      Class space:        1.00 GB reserved,       1.56 MB ( <1%) committed,  1 nodes.
              Both:        1.02 GB reserved,      12.56 MB (  1%) committed. 

Chunk freelists:
   Non-Class:  992.00 KB
       Class:  2.50 MB
        Both:  3.47 MB

MaxMetaspaceSize: 17179869184.00 GB
CompressedClassSpaceSize: 1.00 GB
 - commit_granule_bytes: 65536.
 - commit_granule_words: 8192.
 - virtual_space_node_default_size: 1048576.
 - enlarge_chunks_in_place: 1.
 - new_chunks_are_fully_committed: 0.
 - uncommit_free_chunks: 1.
 - use_allocation_guard: 0.
 - handle_deallocations: 1.


Internal statistics:

num_allocs_failed_limit: 0.
num_arena_births: 138.
num_arena_deaths: 0.
num_vsnodes_births: 3.
num_vsnodes_deaths: 0.
num_space_committed: 201.
num_space_uncommitted: 0.
num_chunks_returned_to_freelist: 0.
num_chunks_taken_from_freelist: 222.
num_chunk_merges: 0.
num_chunk_splits: 129.
num_chunks_enlarged: 65.
num_purges: 0.

CodeHeap 'non-profiled nmethods': size=120000Kb used=733Kb max_used=733Kb free=119266Kb
 bounds [0x00000269276f0000, 0x0000026927960000, 0x000002692ec20000]
CodeHeap 'profiled nmethods': size=120000Kb used=3162Kb max_used=3162Kb free=116837Kb
 bounds [0x00000269201c0000, 0x00000269204e0000, 0x00000269276f0000]
CodeHeap 'non-nmethods': size=5760Kb used=1342Kb max_used=1376Kb free=4417Kb
 bounds [0x000002691fc20000, 0x000002691fe90000, 0x00000269201c0000]
 total_blobs=2519 nmethods=1841 adapters=590
 compilation: enabled
              stopped_count=0, restarted_count=0
 full_count=0

Compilation events (20 events):
Event: 2.303 Thread 0x0000026936490060 1835   !   3       javax.swing.JComponent::recycleRectangle (27 bytes)
Event: 2.303 Thread 0x0000026936490060 nmethod 1835 0x00000269204d3690 code [0x00000269204d3840, 0x00000269204d3b08]
Event: 2.303 Thread 0x0000026936490060 1834       3       java.awt.image.BufferedImage::getHeight (8 bytes)
Event: 2.303 Thread 0x0000026936490060 nmethod 1834 0x00000269204d3c90 code [0x00000269204d3e20, 0x00000269204d3f58]
Event: 2.304 Thread 0x0000026936490060 1837       3       java.awt.Toolkit::getEventQueue (7 bytes)
Event: 2.304 Thread 0x0000026936490060 nmethod 1837 0x00000269204d4010 code [0x00000269204d41c0, 0x00000269204d4398]
Event: 2.304 Thread 0x0000026936490060 1838       3       sun.awt.SunToolkit::getSystemEventQueueImpl (4 bytes)
Event: 2.304 Thread 0x0000026936490060 nmethod 1838 0x00000269204d4490 code [0x00000269204d4660, 0x00000269204d4998]
Event: 2.304 Thread 0x0000026936490060 1839       3       sun.awt.SunToolkit::getSystemEventQueueImplPP (7 bytes)
Event: 2.305 Thread 0x0000026936490060 nmethod 1839 0x00000269204d4b10 code [0x00000269204d4ce0, 0x00000269204d4f98]
Event: 2.305 Thread 0x0000026936490060 1840       3       javax.swing.JViewport::getView (17 bytes)
Event: 2.305 Thread 0x0000026936490060 nmethod 1840 0x00000269204d5090 code [0x00000269204d52a0, 0x00000269204d5a98]
Event: 2.305 Thread 0x0000026936490060 1841       3       java.lang.Math::round (70 bytes)
Event: 2.305 Thread 0x0000026936490060 nmethod 1841 0x00000269204d5d10 code [0x00000269204d5ec0, 0x00000269204d6118]
Event: 2.309 Thread 0x0000026936490060 1842       3       sun.java2d.pipe.Region::<init> (26 bytes)
Event: 2.309 Thread 0x0000026936490060 nmethod 1842 0x00000269204d6190 code [0x00000269204d6340, 0x00000269204d64b8]
Event: 2.313 Thread 0x0000026936490060 1843       3       sun.java2d.marlin.DRenderer::lineTo (41 bytes)
Event: 2.314 Thread 0x0000026936490060 nmethod 1843 0x00000269204d6590 code [0x00000269204d6780, 0x00000269204d69e8]
Event: 2.316 Thread 0x0000026936482140 nmethod 1818 0x00000269277a3010 code [0x00000269277a3200, 0x00000269277a5278]
Event: 2.316 Thread 0x0000026936482140 1819       4       sun.java2d.marlin.MarlinTileGenerator::getAlphaRLE (1749 bytes)

GC Heap History (17 events):
Event: 0.837 GC heap before
{Heap before GC invocations=0 (full 0):
 garbage-first heap   total 131072K, used 35840K [0x0000000081c00000, 0x0000000100000000)
  region size 1024K, 23 young (23552K), 0 survivors (0K)
 Metaspace       used 11677K, committed 11968K, reserved 1064960K
  class space    used 1396K, committed 1536K, reserved 1048576K
}
Event: 0.843 GC heap after
{Heap after GC invocations=1 (full 0):
 garbage-first heap   total 131072K, used 17297K [0x0000000081c00000, 0x0000000100000000)
  region size 1024K, 3 young (3072K), 3 survivors (3072K)
 Metaspace       used 11677K, committed 11968K, reserved 1064960K
  class space    used 1396K, committed 1536K, reserved 1048576K
}
Event: 1.708 GC heap before
{Heap before GC invocations=1 (full 0):
 garbage-first heap   total 131072K, used 61329K [0x0000000081c00000, 0x0000000100000000)
  region size 1024K, 8 young (8192K), 3 survivors (3072K)
 Metaspace       used 12580K, committed 12800K, reserved 1064960K
  class space    used 1477K, committed 1600K, reserved 1048576K
}
Event: 1.711 GC heap after
{Heap after GC invocations=2 (full 0):
 garbage-first heap   total 131072K, used 58990K [0x0000000081c00000, 0x0000000100000000)
  region size 1024K, 1 young (1024K), 1 survivors (1024K)
 Metaspace       used 12580K, committed 12800K, reserved 1064960K
  class space    used 1477K, committed 1600K, reserved 1048576K
}
Event: 1.715 GC heap before
{Heap before GC invocations=2 (full 0):
 garbage-first heap   total 131072K, used 64110K [0x0000000081c00000, 0x0000000100000000)
  region size 1024K, 2 young (2048K), 1 survivors (1024K)
 Metaspace       used 12581K, committed 12800K, reserved 1064960K
  class space    used 1477K, committed 1600K, reserved 1048576K
}
Event: 1.716 GC heap after
{Heap after GC invocations=3 (full 0):
 garbage-first heap   total 131072K, used 26911K [0x0000000081c00000, 0x0000000100000000)
  region size 1024K, 1 young (1024K), 1 survivors (1024K)
 Metaspace       used 12581K, committed 12800K, reserved 1064960K
  class space    used 1477K, committed 1600K, reserved 1048576K
}
Event: 2.026 GC heap before
{Heap before GC invocations=3 (full 0):
 garbage-first heap   total 131072K, used 58655K [0x0000000081c00000, 0x0000000100000000)
  region size 1024K, 2 young (2048K), 1 survivors (1024K)
 Metaspace       used 12604K, committed 12800K, reserved 1064960K
  class space    used 1477K, committed 1600K, reserved 1048576K
}
Event: 2.028 GC heap after
{Heap after GC invocations=4 (full 0):
 garbage-first heap   total 131072K, used 58647K [0x0000000081c00000, 0x0000000100000000)
  region size 1024K, 1 young (1024K), 1 survivors (1024K)
 Metaspace       used 12604K, committed 12800K, reserved 1064960K
  class space    used 1477K, committed 1600K, reserved 1048576K
}
Event: 2.030 GC heap before
{Heap before GC invocations=4 (full 0):
 garbage-first heap   total 131072K, used 63767K [0x0000000081c00000, 0x0000000100000000)
  region size 1024K, 2 young (2048K), 1 survivors (1024K)
 Metaspace       used 12605K, committed 12800K, reserved 1064960K
  class space    used 1477K, committed 1600K, reserved 1048576K
}
Event: 2.031 GC heap after
{Heap after GC invocations=5 (full 0):
 garbage-first heap   total 131072K, used 26887K [0x0000000081c00000, 0x0000000100000000)
  region size 1024K, 1 young (1024K), 1 survivors (1024K)
 Metaspace       used 12605K, committed 12800K, reserved 1064960K
  class space    used 1477K, committed 1600K, reserved 1048576K
}
Event: 2.279 GC heap before
{Heap before GC invocations=5 (full 0):
 garbage-first heap   total 131072K, used 59655K [0x0000000081c00000, 0x0000000100000000)
  region size 1024K, 3 young (3072K), 1 survivors (1024K)
 Metaspace       used 12639K, committed 12864K, reserved 1064960K
  class space    used 1477K, committed 1600K, reserved 1048576K
}
Event: 2.280 GC heap after
{Heap after GC invocations=6 (full 0):
 garbage-first heap   total 131072K, used 58624K [0x0000000081c00000, 0x0000000100000000)
  region size 1024K, 1 young (1024K), 1 survivors (1024K)
 Metaspace       used 12639K, committed 12864K, reserved 1064960K
  class space    used 1477K, committed 1600K, reserved 1048576K
}
Event: 2.282 GC heap before
{Heap before GC invocations=6 (full 0):
 garbage-first heap   total 131072K, used 63744K [0x0000000081c00000, 0x0000000100000000)
  region size 1024K, 2 young (2048K), 1 survivors (1024K)
 Metaspace       used 12639K, committed 12864K, reserved 1064960K
  class space    used 1477K, committed 1600K, reserved 1048576K
}
Event: 2.283 GC heap after
{Heap after GC invocations=7 (full 0):
 garbage-first heap   total 131072K, used 26946K [0x0000000081c00000, 0x0000000100000000)
  region size 1024K, 1 young (1024K), 1 survivors (1024K)
 Metaspace       used 12639K, committed 12864K, reserved 1064960K
  class space    used 1477K, committed 1600K, reserved 1048576K
}
Event: 2.314 GC heap before
{Heap before GC invocations=7 (full 0):
 garbage-first heap   total 131072K, used 59714K [0x0000000081c00000, 0x0000000100000000)
  region size 1024K, 3 young (3072K), 1 survivors (1024K)
 Metaspace       used 12648K, committed 12864K, reserved 1064960K
  class space    used 1477K, committed 1600K, reserved 1048576K
}
Event: 2.316 GC heap after
{Heap after GC invocations=8 (full 0):
 garbage-first heap   total 131072K, used 58642K [0x0000000081c00000, 0x0000000100000000)
  region size 1024K, 1 young (1024K), 1 survivors (1024K)
 Metaspace       used 12648K, committed 12864K, reserved 1064960K
  class space    used 1477K, committed 1600K, reserved 1048576K
}
Event: 2.317 GC heap before
{Heap before GC invocations=8 (full 0):
 garbage-first heap   total 131072K, used 63762K [0x0000000081c00000, 0x0000000100000000)
  region size 1024K, 2 young (2048K), 1 survivors (1024K)
 Metaspace       used 12648K, committed 12864K, reserved 1064960K
  class space    used 1477K, committed 1600K, reserved 1048576K
}

Deoptimization events (20 events):
Event: 2.271 Thread 0x000002693732bb80 DEOPT PACKING pc=0x0000026920495973 sp=0x0000006acdafccb0
Event: 2.271 Thread 0x000002693732bb80 DEOPT UNPACKING pc=0x000002691fc6dece sp=0x0000006acdafc078 mode 0
Event: 2.271 Thread 0x000002693732bb80 DEOPT PACKING pc=0x00000269204b969a sp=0x0000006acdafcf30
Event: 2.271 Thread 0x000002693732bb80 DEOPT UNPACKING pc=0x000002691fc6dece sp=0x0000006acdafc328 mode 0
Event: 2.277 Thread 0x000002693732bb80 DEOPT PACKING pc=0x0000026920495d4f sp=0x0000006acdafccb0
Event: 2.277 Thread 0x000002693732bb80 DEOPT UNPACKING pc=0x000002691fc6dece sp=0x0000006acdafc078 mode 0
Event: 2.290 Thread 0x000002693732bb80 DEOPT PACKING pc=0x0000026920495e20 sp=0x0000006acdafccb0
Event: 2.290 Thread 0x000002693732bb80 DEOPT UNPACKING pc=0x000002691fc6dece sp=0x0000006acdafc078 mode 0
Event: 2.291 Thread 0x000002693732bb80 DEOPT PACKING pc=0x00000269204b969a sp=0x0000006acdafcf30
Event: 2.291 Thread 0x000002693732bb80 DEOPT UNPACKING pc=0x000002691fc6dece sp=0x0000006acdafc328 mode 0
Event: 2.291 Thread 0x000002693732bb80 DEOPT PACKING pc=0x0000026920495d4f sp=0x0000006acdafccb0
Event: 2.291 Thread 0x000002693732bb80 DEOPT UNPACKING pc=0x000002691fc6dece sp=0x0000006acdafc078 mode 0
Event: 2.306 Thread 0x000002693732bb80 DEOPT PACKING pc=0x0000026920495973 sp=0x0000006acdafcdc0
Event: 2.306 Thread 0x000002693732bb80 DEOPT UNPACKING pc=0x000002691fc6dece sp=0x0000006acdafc188 mode 0
Event: 2.306 Thread 0x000002693732bb80 DEOPT PACKING pc=0x0000026920495d4f sp=0x0000006acdafccb0
Event: 2.306 Thread 0x000002693732bb80 DEOPT UNPACKING pc=0x000002691fc6dece sp=0x0000006acdafc078 mode 0
Event: 2.307 Thread 0x000002693732bb80 DEOPT PACKING pc=0x00000269204b969a sp=0x0000006acdafcf30
Event: 2.307 Thread 0x000002693732bb80 DEOPT UNPACKING pc=0x000002691fc6dece sp=0x0000006acdafc328 mode 0
Event: 2.313 Thread 0x000002693732bb80 DEOPT PACKING pc=0x0000026920495e20 sp=0x0000006acdafccb0
Event: 2.313 Thread 0x000002693732bb80 DEOPT UNPACKING pc=0x000002691fc6dece sp=0x0000006acdafc078 mode 0

Classes unloaded (0 events):
No events

Classes redefined (0 events):
No events

Internal exceptions (20 events):
Event: 0.274 Thread 0x00000269184a7ef0 Exception <a 'java/lang/ClassNotFoundException'{0x000000008977d940}: javax/swing/JToolBarSeparator> (0x000000008977d940) 
thrown [t:\workspace\open\src\hotspot\share\classfile\systemDictionary.cpp, line 256]
Event: 0.274 Thread 0x00000269184a7ef0 Exception <a 'java/lang/ClassNotFoundException'{0x000000008977dc48}: ToolBarSeparator> (0x000000008977dc48) 
thrown [t:\workspace\open\src\hotspot\share\classfile\systemDictionary.cpp, line 256]
Event: 0.274 Thread 0x00000269184a7ef0 Exception <a 'java/lang/ClassNotFoundException'{0x000000008977e160}: ToolTip> (0x000000008977e160) 
thrown [t:\workspace\open\src\hotspot\share\classfile\systemDictionary.cpp, line 256]
Event: 0.275 Thread 0x00000269184a7ef0 Exception <a 'java/lang/ClassNotFoundException'{0x000000008977eab0}: Tree> (0x000000008977eab0) 
thrown [t:\workspace\open\src\hotspot\share\classfile\systemDictionary.cpp, line 256]
Event: 0.275 Thread 0x00000269184a7ef0 Exception <a 'java/lang/ClassNotFoundException'{0x000000008977efa8}: Tree> (0x000000008977efa8) 
thrown [t:\workspace\open\src\hotspot\share\classfile\systemDictionary.cpp, line 256]
Event: 0.275 Thread 0x00000269184a7ef0 Exception <a 'java/lang/ClassNotFoundException'{0x000000008977f318}: javax/swing/JTreeCell> (0x000000008977f318) 
thrown [t:\workspace\open\src\hotspot\share\classfile\systemDictionary.cpp, line 256]
Event: 0.275 Thread 0x00000269184a7ef0 Exception <a 'java/lang/ClassNotFoundException'{0x000000008977f618}: TreeCell> (0x000000008977f618) 
thrown [t:\workspace\open\src\hotspot\share\classfile\systemDictionary.cpp, line 256]
Event: 0.275 Thread 0x00000269184a7ef0 Exception <a 'java/lang/ClassNotFoundException'{0x000000008977fdd8}: RootPane> (0x000000008977fdd8) 
thrown [t:\workspace\open\src\hotspot\share\classfile\systemDictionary.cpp, line 256]
Event: 0.276 Thread 0x00000269184a7ef0 Exception <a 'java/lang/ClassNotFoundException'{0x0000000089782c28}: com/sun/swing/internal/plaf/metal/resources/spi/metalProvider> (0x0000000089782c28) 
thrown [t:\workspace\open\src\hotspot\share\classfile\systemDictionary.cpp, line 256]
Event: 0.277 Thread 0x00000269184a7ef0 Exception <a 'java/lang/ClassNotFoundException'{0x00000000897869e8}: com/sun/swing/internal/plaf/basic/resources/spi/basicProvider> (0x00000000897869e8) 
thrown [t:\workspace\open\src\hotspot\share\classfile\systemDictionary.cpp, line 256]
Event: 0.294 Thread 0x000002693732bb80 Exception <a 'java/lang/ClassNotFoundException'{0x00000000896019f0}: com/sun/swing/internal/plaf/synth/resources/spi/synthProvider> (0x00000000896019f0) 
thrown [t:\workspace\open\src\hotspot\share\classfile\systemDictionary.cpp, line 256]
Event: 0.363 Thread 0x00000269382c2fa0 Exception <a 'java/lang/NoSuchMethodError'{0x00000000895eef60}: 'java.lang.Object java.lang.invoke.DirectMethodHandle$Holder.newInvokeSpecial(java.lang.Object, java.lang.Object, java.lang.Object, int, int, int, int, int)'> (0x00000000895eef60) 
thrown [t:\workspace\open\src\hotspot\share\interpreter\linkResolver.cpp, line 790]
Event: 0.377 Thread 0x000002693732bb80 Exception <a 'java/lang/ClassNotFoundException'{0x0000000089421540}: java/lang/ObjectCustomizer> (0x0000000089421540) 
thrown [t:\workspace\open\src\hotspot\share\classfile\systemDictionary.cpp, line 256]
Event: 0.381 Thread 0x000002693732bb80 Exception <a 'java/lang/NoSuchMethodError'{0x00000000894287f0}: 'java.lang.Object java.lang.invoke.DirectMethodHandle$Holder.invokeInterface(java.lang.Object, java.lang.Object)'> (0x00000000894287f0) 
thrown [t:\workspace\open\src\hotspot\share\interpreter\linkResolver.cpp, line 790]
Event: 0.381 Thread 0x000002693732bb80 Exception <a 'java/lang/IncompatibleClassChangeError'{0x000000008942c1e8}: Found class java.lang.Object, but interface was expected> (0x000000008942c1e8) 
thrown [t:\workspace\open\src\hotspot\share\interpreter\linkResolver.cpp, line 857]
Event: 0.392 Thread 0x000002693732bb80 Exception <a 'java/lang/ClassNotFoundException'{0x0000000089469918}: net/miginfocom/layout/UnitValueCustomizer> (0x0000000089469918) 
thrown [t:\workspace\open\src\hotspot\share\classfile\systemDictionary.cpp, line 256]
Event: 0.394 Thread 0x000002693732bb80 Exception <a 'java/lang/ClassNotFoundException'{0x000000008947ca90}: java/lang/ObjectCustomizer> (0x000000008947ca90) 
thrown [t:\workspace\open\src\hotspot\share\classfile\systemDictionary.cpp, line 256]
Event: 0.395 Thread 0x000002693732bb80 Exception <a 'java/lang/ClassNotFoundException'{0x00000000894823b8}: net/miginfocom/layout/BoundSizeCustomizer> (0x00000000894823b8) 
thrown [t:\workspace\open\src\hotspot\share\classfile\systemDictionary.cpp, line 256]
Event: 0.639 Thread 0x000002693732bb80 Exception <a 'java/lang/NoSuchMethodError'{0x0000000088bcad40}: 'void java.lang.invoke.DirectMethodHandle$Holder.invokeStaticInit(java.lang.Object)'> (0x0000000088bcad40) 
thrown [t:\workspace\open\src\hotspot\share\interpreter\linkResolver.cpp, line 790]
Event: 0.740 Thread 0x00000269372caaf0 Exception <a 'java/lang/NoSuchMethodError'{0x00000000899fd718}: 'void java.lang.invoke.DirectMethodHandle$Holder.invokeVirtual(java.lang.Object, java.lang.Object)'> (0x00000000899fd718) 
thrown [t:\workspace\open\src\hotspot\share\interpreter\linkResolver.cpp, line 790]

Events (20 events):
Event: 1.325 loading class java/util/concurrent/locks/AbstractQueuedSynchronizer$ExclusiveNode
Event: 1.325 loading class java/util/concurrent/locks/AbstractQueuedSynchronizer$ExclusiveNode done
Event: 1.357 Thread 0x00000269370e8ca0 Thread exited: 0x00000269370e8ca0
Event: 1.708 Executing  VM operation: G1TryInitiateConcMark
Event: 1.711 Executing  VM operation: G1TryInitiateConcMark done
Event: 1.715 Executing  VM operation: G1TryInitiateConcMark
Event: 1.716 Executing  VM operation: G1TryInitiateConcMark done
Event: 2.008 Thread 0x0000026938279020 Thread added: 0x0000026938279020
Event: 2.026 Executing  VM operation: G1TryInitiateConcMark
Event: 2.028 Executing  VM operation: G1TryInitiateConcMark done
Event: 2.030 Executing  VM operation: G1TryInitiateConcMark
Event: 2.031 Executing  VM operation: G1TryInitiateConcMark done
Event: 2.269 Thread 0x0000026938279020 Thread exited: 0x0000026938279020
Event: 2.279 Executing  VM operation: G1TryInitiateConcMark
Event: 2.280 Executing  VM operation: G1TryInitiateConcMark done
Event: 2.281 Executing  VM operation: G1TryInitiateConcMark
Event: 2.283 Executing  VM operation: G1TryInitiateConcMark done
Event: 2.314 Executing  VM operation: G1TryInitiateConcMark
Event: 2.316 Executing  VM operation: G1TryInitiateConcMark done
Event: 2.316 Executing  VM operation: G1TryInitiateConcMark


Dynamic libraries:
0x00007ff687b90000 - 0x00007ff687ba0000 	C:\Program Files\Java\jdk-16\bin\java.exe
0x00007ff8ea190000 - 0x00007ff8ea385000 	C:\WINDOWS\SYSTEM32\ntdll.dll
0x00007ff8e94c0000 - 0x00007ff8e957e000 	C:\WINDOWS\System32\KERNEL32.DLL
0x00007ff8e78b0000 - 0x00007ff8e7b79000 	C:\WINDOWS\System32\KERNELBASE.dll
0x00007ff8e7c90000 - 0x00007ff8e7d90000 	C:\WINDOWS\System32\ucrtbase.dll
0x00007ff8d83e0000 - 0x00007ff8d83f9000 	C:\Program Files\Java\jdk-16\bin\VCRUNTIME140.dll
0x00007ff8e2a70000 - 0x00007ff8e2a88000 	C:\Program Files\Java\jdk-16\bin\jli.dll
0x00007ff8e8970000 - 0x00007ff8e8a1c000 	C:\WINDOWS\System32\ADVAPI32.dll
0x00007ff8e8540000 - 0x00007ff8e85de000 	C:\WINDOWS\System32\msvcrt.dll
0x00007ff8e9660000 - 0x00007ff8e96fb000 	C:\WINDOWS\System32\sechost.dll
0x00007ff8e8820000 - 0x00007ff8e894a000 	C:\WINDOWS\System32\RPCRT4.dll
0x00007ff8e9700000 - 0x00007ff8e98a1000 	C:\WINDOWS\System32\USER32.dll
0x00007ff8e7df0000 - 0x00007ff8e7e12000 	C:\WINDOWS\System32\win32u.dll
0x00007ff8d1290000 - 0x00007ff8d152a000 	C:\WINDOWS\WinSxS\amd64_microsoft.windows.common-controls_6595b64144ccf1df_6.0.19041.1110_none_60b5254171f9507e\COMCTL32.dll
0x00007ff8e98b0000 - 0x00007ff8e98db000 	C:\WINDOWS\System32\GDI32.dll
0x00007ff8e7b80000 - 0x00007ff8e7c8b000 	C:\WINDOWS\System32\gdi32full.dll
0x00007ff8e80f0000 - 0x00007ff8e818d000 	C:\WINDOWS\System32\msvcp_win.dll
0x00007ff8e21c0000 - 0x00007ff8e21ca000 	C:\WINDOWS\SYSTEM32\VERSION.dll
0x00007ff8e8260000 - 0x00007ff8e8290000 	C:\WINDOWS\System32\IMM32.DLL
0x00007ff8e1a10000 - 0x00007ff8e1a1c000 	C:\Program Files\Java\jdk-16\bin\vcruntime140_1.dll
0x00007ff8bbb10000 - 0x00007ff8bbba1000 	C:\Program Files\Java\jdk-16\bin\msvcp140.dll
0x00007ff8823f0000 - 0x00007ff882f9b000 	C:\Program Files\Java\jdk-16\bin\server\jvm.dll
0x00007ff8e8a20000 - 0x00007ff8e8a28000 	C:\WINDOWS\System32\PSAPI.DLL
0x00007ff8d36b0000 - 0x00007ff8d36b9000 	C:\WINDOWS\SYSTEM32\WSOCK32.dll
0x00007ff8d0dc0000 - 0x00007ff8d0de7000 	C:\WINDOWS\SYSTEM32\WINMM.dll
0x00007ff8e8290000 - 0x00007ff8e82fb000 	C:\WINDOWS\System32\WS2_32.dll
0x00007ff8e6130000 - 0x00007ff8e6142000 	C:\WINDOWS\SYSTEM32\kernel.appcore.dll
0x00007ff8e1940000 - 0x00007ff8e194a000 	C:\Program Files\Java\jdk-16\bin\jimage.dll
0x00007ff8e56a0000 - 0x00007ff8e5884000 	C:\WINDOWS\SYSTEM32\DBGHELP.DLL
0x00007ff8d1240000 - 0x00007ff8d126c000 	C:\WINDOWS\SYSTEM32\dbgcore.DLL
0x00007ff8e7e20000 - 0x00007ff8e7ea3000 	C:\WINDOWS\System32\bcryptPrimitives.dll
0x00007ff8d69a0000 - 0x00007ff8d69c5000 	C:\Program Files\Java\jdk-16\bin\java.dll
0x00007ff8e99a0000 - 0x00007ff8ea0df000 	C:\WINDOWS\System32\SHELL32.dll
0x00007ff8e5990000 - 0x00007ff8e6120000 	C:\WINDOWS\SYSTEM32\windows.storage.dll
0x00007ff8e8a40000 - 0x00007ff8e8d95000 	C:\WINDOWS\System32\combase.dll
0x00007ff8e7230000 - 0x00007ff8e725c000 	C:\WINDOWS\SYSTEM32\Wldp.dll
0x00007ff8e8e70000 - 0x00007ff8e8f1d000 	C:\WINDOWS\System32\SHCORE.dll
0x00007ff8e9940000 - 0x00007ff8e9995000 	C:\WINDOWS\System32\shlwapi.dll
0x00007ff8e77f0000 - 0x00007ff8e780f000 	C:\WINDOWS\SYSTEM32\profapi.dll
0x00007ff8d6220000 - 0x00007ff8d6239000 	C:\Program Files\Java\jdk-16\bin\net.dll
0x00007ff8dfb80000 - 0x00007ff8dfc88000 	C:\WINDOWS\SYSTEM32\WINHTTP.dll
0x00007ff8e6f90000 - 0x00007ff8e6ffa000 	C:\WINDOWS\system32\mswsock.dll
0x00007ff8d59f0000 - 0x00007ff8d5a03000 	C:\Program Files\Java\jdk-16\bin\nio.dll
0x00007ff8c7120000 - 0x00007ff8c7138000 	C:\Program Files\Java\jdk-16\bin\zip.dll
0x00007ff8a0690000 - 0x00007ff8a0810000 	C:\Program Files\Java\jdk-16\bin\awt.dll
0x00007ff8e8da0000 - 0x00007ff8e8e6d000 	C:\WINDOWS\System32\OLEAUT32.dll
0x00007ff8e4bd0000 - 0x00007ff8e4c60000 	C:\WINDOWS\SYSTEM32\apphelp.dll
0x00007ff8e4f20000 - 0x00007ff8e4fbe000 	C:\WINDOWS\system32\uxtheme.dll
0x00007ff8e8f20000 - 0x00007ff8e9035000 	C:\WINDOWS\System32\MSCTF.dll
0x00007ff8e8690000 - 0x00007ff8e87ba000 	C:\WINDOWS\System32\ole32.dll
0x00007ff8e5220000 - 0x00007ff8e524f000 	C:\WINDOWS\system32\DWMAPI.DLL
0x00007ff8b60f0000 - 0x00007ff8b6179000 	C:\Program Files\Java\jdk-16\bin\freetype.dll
0x00007ff8ad2f0000 - 0x00007ff8ad3e6000 	C:\Program Files\Java\jdk-16\bin\harfbuzz.dll
0x00007ff8c6780000 - 0x00007ff8c6792000 	C:\Program Files\Java\jdk-16\bin\fontmanager.dll
0x00007ff8c65e0000 - 0x00007ff8c6705000 	C:\WINDOWS\system32\opengl32.dll
0x00007ff8d6600000 - 0x00007ff8d662c000 	C:\WINDOWS\SYSTEM32\GLU32.dll
0x00007ff8e0d80000 - 0x00007ff8e0d90000 	C:\Program Files\Java\jdk-16\bin\verify.dll
0x00007ff8c6b20000 - 0x00007ff8c6b4d000 	C:\Program Files\Java\jdk-16\bin\javajpeg.dll
0x00007ff8e85e0000 - 0x00007ff8e8689000 	C:\WINDOWS\System32\clbcatq.dll
0x00007ff8e0400000 - 0x00007ff8e05b4000 	C:\WINDOWS\SYSTEM32\WindowsCodecs.dll
0x00007ff8e80c0000 - 0x00007ff8e80e7000 	C:\WINDOWS\System32\bcrypt.dll
0x00007ff8c64f0000 - 0x00007ff8c652e000 	C:\WINDOWS\system32\dataexchange.dll
0x00007ff8e2da0000 - 0x00007ff8e3004000 	C:\WINDOWS\system32\d3d11.dll
0x00007ff8e3d70000 - 0x00007ff8e3f55000 	C:\WINDOWS\system32\dcomp.dll
0x00007ff8e62c0000 - 0x00007ff8e63b4000 	C:\WINDOWS\system32\dxgi.dll
0x00007ff8e0820000 - 0x00007ff8e0a21000 	C:\WINDOWS\system32\twinapi.appcore.dll
0x00007ff8e02e0000 - 0x00007ff8e03d9000 	C:\WINDOWS\SYSTEM32\textinputframework.dll
0x00007ff8e47d0000 - 0x00007ff8e48c2000 	C:\WINDOWS\System32\CoreMessaging.dll
0x00007ff8e4470000 - 0x00007ff8e47ce000 	C:\WINDOWS\System32\CoreUIComponents.dll
0x00007ff8e65a0000 - 0x00007ff8e65d3000 	C:\WINDOWS\SYSTEM32\ntmarta.dll
0x00007ff8e3b80000 - 0x00007ff8e3cd4000 	C:\WINDOWS\SYSTEM32\wintypes.dll

dbghelp: loaded successfully - version: 4.0.5 - missing functions: none
symbol engine: initialized successfully - sym options: 0x614 - pdb path: .;C:\Program Files\Java\jdk-16\bin;C:\WINDOWS\SYSTEM32;C:\WINDOWS\WinSxS\amd64_microsoft.windows.common-controls_6595b64144ccf1df_6.0.19041.1110_none_60b5254171f9507e;C:\Program Files\Java\jdk-16\bin\server

VM Arguments:
jvm_args: -Dfile.encoding=UTF-8 --module-path=D:\NetBeansProjects\AppChatFinal\build\classes 
java_command: main.Main
java_class_path (initial): D:\eclipse\eclipse-workspace\ClientChatApp-Final\lib\miglayout-4.0.jar;D:\NetBeansProjects\AppChatFinal\build\classes
Launcher Type: SUN_STANDARD

[Global flags]
     intx CICompilerCount                          = 4                                         {product} {ergonomic}
     uint ConcGCThreads                            = 2                                         {product} {ergonomic}
     uint G1ConcRefinementThreads                  = 8                                         {product} {ergonomic}
   size_t G1HeapRegionSize                         = 1048576                                   {product} {ergonomic}
    uintx GCDrainStackTargetSize                   = 64                                        {product} {ergonomic}
   size_t InitialHeapSize                          = 134217728                                 {product} {ergonomic}
   size_t MarkStackSize                            = 4194304                                   {product} {ergonomic}
   size_t MaxHeapSize                              = 2118123520                                {product} {ergonomic}
   size_t MaxNewSize                               = 1270874112                                {product} {ergonomic}
   size_t MinHeapDeltaBytes                        = 1048576                                   {product} {ergonomic}
   size_t MinHeapSize                              = 8388608                                   {product} {ergonomic}
    uintx NonNMethodCodeHeapSize                   = 5839372                                {pd product} {ergonomic}
    uintx NonProfiledCodeHeapSize                  = 122909434                              {pd product} {ergonomic}
    uintx ProfiledCodeHeapSize                     = 122909434                              {pd product} {ergonomic}
    uintx ReservedCodeCacheSize                    = 251658240                              {pd product} {ergonomic}
     bool SegmentedCodeCache                       = true                                      {product} {ergonomic}
   size_t SoftMaxHeapSize                          = 2118123520                             {manageable} {ergonomic}
     bool UseCompressedClassPointers               = true                           {product lp64_product} {ergonomic}
     bool UseCompressedOops                        = true                           {product lp64_product} {ergonomic}
     bool UseG1GC                                  = true                                      {product} {ergonomic}
     bool UseLargePagesIndividualAllocation        = false                                  {pd product} {ergonomic}

Logging:
Log output configuration:
 #0: stdout all=warning uptime,level,tags
 #1: stderr all=off uptime,level,tags

Environment Variables:
PATH=C:\Program Files\Common Files\Oracle\Java\javapath;C:\ProgramData\Oracle\Java\javapath;C:\WINDOWS\system32;C:\WINDOWS;C:\WINDOWS\System32\Wbem;C:\WINDOWS\System32\WindowsPowerShell\v1.0\;C:\WINDOWS\System32\OpenSSH\;C:\xampp\php;C:\ProgramData\ComposerSetup\bin;C:\Program Files (x86)\sqlite3;C:\Program Files\nodejs\;C:\Program Files\Git\cmd;C:\Ruby27-x64\bin;C:\Users\Admin\AppData\Local\Microsoft\WindowsApps;;D:\Microsoft VS Code\bin;C:\Users\Admin\AppData\Roaming\Composer\vendor\bin;C:\Users\Admin\AppData\Roaming\npm;D:\JetBrains\IntelliJ IDEA 2021.2.1\bin;
USERNAME=Admin
OS=Windows_NT
PROCESSOR_IDENTIFIER=Intel64 Family 6 Model 142 Stepping 10, GenuineIntel



---------------  S Y S T E M  ---------------

OS:
 Windows 10 , 64 bit Build 19041 (10.0.19041.1202)
OS uptime: 10 days 7:59 hours

CPU: total 8 (initial active 8) (4 cores per cpu, 2 threads per core) family 6 model 142 stepping 10 microcode 0xb4, cx8, cmov, fxsr, ht, mmx, 3dnowpref, sse, sse2, sse3, ssse3, sse4.1, sse4.2, popcnt, lzcnt, tsc, tscinvbit, avx, avx2, aes, erms, clmul, bmi1, bmi2, adx, fma, vzeroupper, clflush, clflushopt

Memory: 4k page, system-wide physical 8075M (817M free)
TotalPageFile size 22309M (AvailPageFile size 213M)
current process WorkingSet (physical memory assigned to process): 158M, peak: 161M
current process commit charge ("private bytes"): 241M, peak: 497M

vm_info: Java HotSpot(TM) 64-Bit Server VM (16+36-2231) for windows-amd64 JRE (16+36-2231), built on Feb  8 2021 11:43:10 by "mach5one" with MS VC++ 16.7 (VS2019)

END.
