#
# There is insufficient memory for the Java Runtime Environment to continue.
# Native memory allocation (mmap) failed to map 268435456 bytes for G1 virtual space
# Possible reasons:
#   The system is out of physical RAM or swap space
#   The process is running with CompressedOops enabled, and the Java Heap may be blocking the growth of the native heap
# Possible solutions:
#   Reduce memory load on the system
#   Increase physical memory or swap space
#   Check if swap backing store is full
#   Decrease Java heap size (-Xmx/-Xms)
#   Decrease number of Java threads
#   Decrease Java thread stack sizes (-Xss)
#   Set larger code cache with -XX:ReservedCodeCacheSize=
#   JVM is running with Unscaled Compressed Oops mode in which the Java heap is
#     placed in the first 4GB address space. The Java Heap base address is the
#     maximum limit for the native heap growth. Please use -XX:HeapBaseMinAddress
#     to set the Java Heap base and to place the Java Heap above 4GB virtual address.
# This output file may be truncated or incomplete.
#
#  Out of Memory Error (os_windows.cpp:3466), pid=14676, tid=9420
#
# JRE version: Java(TM) SE Runtime Environment (16.0+36) (build 16+36-2231)
# Java VM: Java HotSpot(TM) 64-Bit Server VM (16+36-2231, mixed mode, sharing, tiered, compressed oops, g1 gc, windows-amd64)
# No core dump will be written. Minidumps are not enabled by default on client versions of Windows
#

---------------  S U M M A R Y ------------

Command Line: -Dfile.encoding=UTF-8 --module-path=D:\NetBeansProjects\AppChatFinal\build\classes main.Main

Host: Intel(R) Core(TM) i5-8250U CPU @ 1.60GHz, 8 cores, 7G,  Windows 10 , 64 bit Build 19041 (10.0.19041.1202)
Time: Sat Nov  6 00:32:07 2021 SE Asia Standard Time elapsed time: 3.623815 seconds (0d 0h 0m 3s)

---------------  T H R E A D  ---------------

Current thread (0x000001d37f8cd950):  VMThread "VM Thread" [stack: 0x0000002ba0d00000,0x0000002ba0e00000] [id=9420]

Stack: [0x0000002ba0d00000,0x0000002ba0e00000]
Native frames: (J=compiled Java code, j=interpreted, Vv=VM code, C=native code)
V  [jvm.dll+0x6681da]
V  [jvm.dll+0x7c9d99]
V  [jvm.dll+0x7cb4d3]
V  [jvm.dll+0x7cbb33]
V  [jvm.dll+0x242ee5]
V  [jvm.dll+0x664f99]
V  [jvm.dll+0x659b85]
V  [jvm.dll+0x2fbfcb]
V  [jvm.dll+0x3031c6]
V  [jvm.dll+0x352a0e]
V  [jvm.dll+0x352c3f]
V  [jvm.dll+0x2d3038]
V  [jvm.dll+0x2d0bc5]
V  [jvm.dll+0x2d01fc]
V  [jvm.dll+0x3156a3]
V  [jvm.dll+0x7cff2b]
V  [jvm.dll+0x7d0c24]
V  [jvm.dll+0x7d1129]
V  [jvm.dll+0x7d13e4]
V  [jvm.dll+0x7d14b0]
V  [jvm.dll+0x77952a]
V  [jvm.dll+0x667076]
C  [ucrtbase.dll+0x21bb2]
C  [KERNEL32.DLL+0x17034]
C  [ntdll.dll+0x52651]

VM_Operation (0x0000002ba1efcbc0): G1TryInitiateConcMark, mode: safepoint, requested by thread 0x000001d313c62460


---------------  P R O C E S S  ---------------

Threads class SMR info:
_java_thread_list=0x000001d314e4bb30, length=18, elements={
0x000001d37f8d44a0, 0x000001d37f8d5360, 0x000001d37f8df9a0, 0x000001d37f8e03b0,
0x000001d37f8e33d0, 0x000001d37f8e3dd0, 0x000001d37f8e4fc0, 0x000001d37f8fa2a0,
0x000001d37f8face0, 0x000001d37f8ac2d0, 0x000001d313a14850, 0x000001d313bcc9d0,
0x000001d313be3420, 0x000001d313be3940, 0x000001d313c62460, 0x000001d3728f89d0,
0x000001d313bb8130, 0x000001d31496cd10
}

Java Threads: ( => current thread )
  0x000001d37f8d44a0 JavaThread "Reference Handler" daemon [_thread_blocked, id=1080, stack(0x0000002ba0e00000,0x0000002ba0f00000)]
  0x000001d37f8d5360 JavaThread "Finalizer" daemon [_thread_blocked, id=12076, stack(0x0000002ba0f00000,0x0000002ba1000000)]
  0x000001d37f8df9a0 JavaThread "Signal Dispatcher" daemon [_thread_blocked, id=8580, stack(0x0000002ba1000000,0x0000002ba1100000)]
  0x000001d37f8e03b0 JavaThread "Attach Listener" daemon [_thread_blocked, id=16972, stack(0x0000002ba1100000,0x0000002ba1200000)]
  0x000001d37f8e33d0 JavaThread "Service Thread" daemon [_thread_blocked, id=3612, stack(0x0000002ba1200000,0x0000002ba1300000)]
  0x000001d37f8e3dd0 JavaThread "Monitor Deflation Thread" daemon [_thread_blocked, id=17160, stack(0x0000002ba1300000,0x0000002ba1400000)]
  0x000001d37f8e4fc0 JavaThread "C2 CompilerThread0" daemon [_thread_blocked, id=13072, stack(0x0000002ba1400000,0x0000002ba1500000)]
  0x000001d37f8fa2a0 JavaThread "C1 CompilerThread0" daemon [_thread_blocked, id=14672, stack(0x0000002ba1500000,0x0000002ba1600000)]
  0x000001d37f8face0 JavaThread "Sweeper thread" daemon [_thread_blocked, id=8052, stack(0x0000002ba1600000,0x0000002ba1700000)]
  0x000001d37f8ac2d0 JavaThread "Common-Cleaner" daemon [_thread_blocked, id=19740, stack(0x0000002ba1700000,0x0000002ba1800000)]
  0x000001d313a14850 JavaThread "Notification Thread" daemon [_thread_blocked, id=15924, stack(0x0000002ba1900000,0x0000002ba1a00000)]
  0x000001d313bcc9d0 JavaThread "Java2D Disposer" daemon [_thread_blocked, id=10836, stack(0x0000002ba1b00000,0x0000002ba1c00000)]
  0x000001d313be3420 JavaThread "AWT-Shutdown" [_thread_blocked, id=88, stack(0x0000002ba1c00000,0x0000002ba1d00000)]
  0x000001d313be3940 JavaThread "AWT-Windows" daemon [_thread_blocked, id=12356, stack(0x0000002ba1d00000,0x0000002ba1e00000)]
  0x000001d313c62460 JavaThread "AWT-EventQueue-0" [_thread_blocked, id=4344, stack(0x0000002ba1e00000,0x0000002ba1f00000)]
  0x000001d3728f89d0 JavaThread "DestroyJavaVM" [_thread_blocked, id=18760, stack(0x0000002ba0700000,0x0000002ba0800000)]
  0x000001d313bb8130 JavaThread "Image Fetcher 0" daemon [_thread_blocked, id=16700, stack(0x0000002ba1f00000,0x0000002ba2000000)]
  0x000001d31496cd10 JavaThread "TimerQueue" daemon [_thread_blocked, id=21404, stack(0x0000002ba2000000,0x0000002ba2100000)]

Other Threads:
=>0x000001d37f8cd950 VMThread "VM Thread" [stack: 0x0000002ba0d00000,0x0000002ba0e00000] [id=9420]
  0x000001d313a16180 WatcherThread [stack: 0x0000002ba1a00000,0x0000002ba1b00000] [id=4904]
  0x000001d372939a00 GCTaskThread "GC Thread#0" [stack: 0x0000002ba0800000,0x0000002ba0900000] [id=5376]
  0x000001d37f8c9ea0 GCTaskThread "GC Thread#1" [stack: 0x0000002ba2500000,0x0000002ba2600000] [id=10344]
  0x000001d37f8c8620 GCTaskThread "GC Thread#2" [stack: 0x0000002ba2600000,0x0000002ba2700000] [id=6744]
  0x000001d37f8c9880 GCTaskThread "GC Thread#3" [stack: 0x0000002ba2700000,0x0000002ba2800000] [id=3908]
  0x000001d314e22070 GCTaskThread "GC Thread#4" [stack: 0x0000002ba2800000,0x0000002ba2900000] [id=19816]
  0x000001d314e23c00 GCTaskThread "GC Thread#5" [stack: 0x0000002ba2900000,0x0000002ba2a00000] [id=8352]
  0x000001d314e22cb0 GCTaskThread "GC Thread#6" [stack: 0x0000002ba2a00000,0x0000002ba2b00000] [id=13220]
  0x000001d314e24b50 GCTaskThread "GC Thread#7" [stack: 0x0000002ba2b00000,0x0000002ba2c00000] [id=1244]
  0x000001d37294a7c0 ConcurrentGCThread "G1 Main Marker" [stack: 0x0000002ba0900000,0x0000002ba0a00000] [id=19876]
  0x000001d37294ba50 ConcurrentGCThread "G1 Conc#0" [stack: 0x0000002ba0a00000,0x0000002ba0b00000] [id=20016]
  0x000001d3729d5b50 ConcurrentGCThread "G1 Refine#0" [stack: 0x0000002ba0b00000,0x0000002ba0c00000] [id=18436]
  0x000001d3729d6650 ConcurrentGCThread "G1 Service" [stack: 0x0000002ba0c00000,0x0000002ba0d00000] [id=16980]

Threads with active compile tasks:
C1 CompilerThread0     3646 1892 %     3       sun.java2d.marlin.MarlinTileGenerator::getAlphaRLE @ 1617 (1749 bytes)

VM state: at safepoint (normal execution)

VM Mutex/Monitor currently owned by a thread:  ([mutex/lock_event])
[0x000001d3728f4920] Threads_lock - owner thread: 0x000001d37f8cd950
[0x000001d3728f3f00] Heap_lock - owner thread: 0x000001d313c62460

Heap address: 0x0000000081c00000, size: 2020 MB, Compressed Oops mode: 32-bit
CDS archive(s) mapped at: [0x0000000800000000-0x0000000800bb0000-0x0000000800bb0000), size 12255232, SharedBaseAddress: 0x0000000800000000, ArchiveRelocationMode: 0.
Compressed class space mapped at: 0x0000000800c00000-0x0000000840c00000, reserved size: 1073741824
Narrow klass base: 0x0000000800000000, Narrow klass shift: 3, Narrow klass range: 0x100000000

GC Precious Log:
 CPUs: 8 total, 8 available
 Memory: 8075M
 Large Page Support: Disabled
 NUMA Support: Disabled
 Compressed Oops: Enabled (32-bit)
 Heap Region Size: 1M
 Heap Min Capacity: 8M
 Heap Initial Capacity: 128M
 Heap Max Capacity: 2020M
 Pre-touch: Disabled
 Parallel Workers: 8
 Concurrent Workers: 2
 Concurrent Refinement Workers: 8
 Periodic GC: Disabled

Heap:
 garbage-first heap   total 131072K, used 58658K [0x0000000081c00000, 0x0000000100000000)
  region size 1024K, 1 young (1024K), 1 survivors (1024K)
 Metaspace       used 12696K, committed 12928K, reserved 1064960K
  class space    used 1477K, committed 1600K, reserved 1048576K

Heap Regions: E=young(eden), S=young(survivor), O=old, HS=humongous(starts), HC=humongous(continues), CS=collection set, F=free, OA=open archive, CA=closed archive, TAMS=top-at-mark-start (previous, next)
|   0|0x0000000081c00000, 0x0000000081d00000, 0x0000000081d00000|100%|HS|  |TAMS 0x0000000081c00000, 0x0000000081d00000| Complete 
|   1|0x0000000081d00000, 0x0000000081e00000, 0x0000000081e00000|100%|HC|  |TAMS 0x0000000081d00000, 0x0000000081e00000| Complete 
|   2|0x0000000081e00000, 0x0000000081f00000, 0x0000000081f00000|100%|HC|  |TAMS 0x0000000081e00000, 0x0000000081f00000| Complete 
|   3|0x0000000081f00000, 0x0000000082000000, 0x0000000082000000|100%|HC|  |TAMS 0x0000000081f00000, 0x0000000082000000| Complete 
|   4|0x0000000082000000, 0x0000000082100000, 0x0000000082100000|100%|HC|  |TAMS 0x0000000082000000, 0x0000000082100000| Complete 
|   5|0x0000000082100000, 0x0000000082200000, 0x0000000082200000|100%|HS|  |TAMS 0x0000000082100000, 0x0000000082200000| Complete 
|   6|0x0000000082200000, 0x0000000082300000, 0x0000000082300000|100%|HC|  |TAMS 0x0000000082200000, 0x0000000082300000| Complete 
|   7|0x0000000082300000, 0x0000000082400000, 0x0000000082400000|100%|HS|  |TAMS 0x0000000082300000, 0x0000000082400000| Complete 
|   8|0x0000000082400000, 0x0000000082500000, 0x0000000082500000|100%|HC|  |TAMS 0x0000000082400000, 0x0000000082500000| Complete 
|   9|0x0000000082500000, 0x0000000082600000, 0x0000000082600000|100%|HC|  |TAMS 0x0000000082500000, 0x0000000082600000| Complete 
|  10|0x0000000082600000, 0x0000000082700000, 0x0000000082700000|100%|HC|  |TAMS 0x0000000082600000, 0x0000000082700000| Complete 
|  11|0x0000000082700000, 0x0000000082800000, 0x0000000082800000|100%|HC|  |TAMS 0x0000000082700000, 0x0000000082800000| Complete 
|  12|0x0000000082800000, 0x0000000082900000, 0x0000000082900000|100%|HC|  |TAMS 0x0000000082800000, 0x0000000082900000| Complete 
|  13|0x0000000082900000, 0x0000000082a00000, 0x0000000082a00000|100%| O|  |TAMS 0x0000000082900000, 0x0000000082a00000| Untracked 
|  14|0x0000000082a00000, 0x0000000082b00000, 0x0000000082b00000|100%|HS|  |TAMS 0x0000000082a00000, 0x0000000082b00000| Complete 
|  15|0x0000000082b00000, 0x0000000082c00000, 0x0000000082c00000|100%|HC|  |TAMS 0x0000000082b00000, 0x0000000082c00000| Complete 
|  16|0x0000000082c00000, 0x0000000082d00000, 0x0000000082d00000|100%|HC|  |TAMS 0x0000000082c00000, 0x0000000082d00000| Complete 
|  17|0x0000000082d00000, 0x0000000082e00000, 0x0000000082e00000|100%|HC|  |TAMS 0x0000000082d00000, 0x0000000082e00000| Complete 
|  18|0x0000000082e00000, 0x0000000082f00000, 0x0000000082f00000|100%|HS|  |TAMS 0x0000000082e00000, 0x0000000082f00000| Complete 
|  19|0x0000000082f00000, 0x0000000083000000, 0x0000000083000000|100%|HC|  |TAMS 0x0000000082f00000, 0x0000000083000000| Complete 
|  20|0x0000000083000000, 0x0000000083100000, 0x0000000083100000|100%|HC|  |TAMS 0x0000000083000000, 0x0000000083100000| Complete 
|  21|0x0000000083100000, 0x0000000083200000, 0x0000000083200000|100%|HC|  |TAMS 0x0000000083100000, 0x0000000083200000| Complete 
|  22|0x0000000083200000, 0x0000000083300000, 0x0000000083300000|100%|HS|  |TAMS 0x0000000083200000, 0x0000000083300000| Complete 
|  23|0x0000000083300000, 0x0000000083400000, 0x0000000083400000|100%|HC|  |TAMS 0x0000000083300000, 0x0000000083400000| Complete 
|  24|0x0000000083400000, 0x0000000083500000, 0x0000000083500000|100%|HC|  |TAMS 0x0000000083400000, 0x0000000083500000| Complete 
|  25|0x0000000083500000, 0x0000000083600000, 0x0000000083600000|100%|HC|  |TAMS 0x0000000083500000, 0x0000000083600000| Complete 
|  26|0x0000000083600000, 0x0000000083700000, 0x0000000083700000|100%|HC|  |TAMS 0x0000000083600000, 0x0000000083700000| Complete 
|  27|0x0000000083700000, 0x0000000083800000, 0x0000000083800000|100%|HS|  |TAMS 0x0000000083700000, 0x0000000083800000| Complete 
|  28|0x0000000083800000, 0x0000000083900000, 0x0000000083900000|100%|HC|  |TAMS 0x0000000083800000, 0x0000000083900000| Complete 
|  29|0x0000000083900000, 0x0000000083a00000, 0x0000000083a00000|100%|HC|  |TAMS 0x0000000083900000, 0x0000000083a00000| Complete 
|  30|0x0000000083a00000, 0x0000000083b00000, 0x0000000083b00000|100%|HC|  |TAMS 0x0000000083a00000, 0x0000000083b00000| Complete 
|  31|0x0000000083b00000, 0x0000000083c00000, 0x0000000083c00000|100%|HS|  |TAMS 0x0000000083b00000, 0x0000000083c00000| Complete 
|  32|0x0000000083c00000, 0x0000000083d00000, 0x0000000083d00000|100%|HC|  |TAMS 0x0000000083c00000, 0x0000000083d00000| Complete 
|  33|0x0000000083d00000, 0x0000000083e00000, 0x0000000083e00000|100%|HC|  |TAMS 0x0000000083d00000, 0x0000000083e00000| Complete 
|  34|0x0000000083e00000, 0x0000000083f00000, 0x0000000083f00000|100%|HC|  |TAMS 0x0000000083e00000, 0x0000000083f00000| Complete 
|  35|0x0000000083f00000, 0x0000000084000000, 0x0000000084000000|100%|HC|  |TAMS 0x0000000083f00000, 0x0000000084000000| Complete 
|  36|0x0000000084000000, 0x0000000084100000, 0x0000000084100000|100%|HS|  |TAMS 0x0000000084000000, 0x0000000084100000| Complete 
|  37|0x0000000084100000, 0x0000000084200000, 0x0000000084200000|100%|HC|  |TAMS 0x0000000084100000, 0x0000000084200000| Complete 
|  38|0x0000000084200000, 0x0000000084300000, 0x0000000084300000|100%|HC|  |TAMS 0x0000000084200000, 0x0000000084300000| Complete 
|  39|0x0000000084300000, 0x0000000084400000, 0x0000000084400000|100%|HC|  |TAMS 0x0000000084300000, 0x0000000084400000| Complete 
|  40|0x0000000084400000, 0x0000000084500000, 0x0000000084500000|100%|HS|  |TAMS 0x0000000084400000, 0x0000000084500000| Complete 
|  41|0x0000000084500000, 0x0000000084600000, 0x0000000084600000|100%|HC|  |TAMS 0x0000000084500000, 0x0000000084600000| Complete 
|  42|0x0000000084600000, 0x0000000084700000, 0x0000000084700000|100%|HC|  |TAMS 0x0000000084600000, 0x0000000084700000| Complete 
|  43|0x0000000084700000, 0x0000000084800000, 0x0000000084800000|100%|HC|  |TAMS 0x0000000084700000, 0x0000000084800000| Complete 
|  44|0x0000000084800000, 0x0000000084900000, 0x0000000084900000|100%|HC|  |TAMS 0x0000000084800000, 0x0000000084900000| Complete 
|  45|0x0000000084900000, 0x0000000084a00000, 0x0000000084a00000|100%|HS|  |TAMS 0x0000000084900000, 0x0000000084a00000| Complete 
|  46|0x0000000084a00000, 0x0000000084b00000, 0x0000000084b00000|100%|HC|  |TAMS 0x0000000084a00000, 0x0000000084b00000| Complete 
|  47|0x0000000084b00000, 0x0000000084c00000, 0x0000000084c00000|100%|HC|  |TAMS 0x0000000084b00000, 0x0000000084c00000| Complete 
|  48|0x0000000084c00000, 0x0000000084d00000, 0x0000000084d00000|100%|HC|  |TAMS 0x0000000084c00000, 0x0000000084d00000| Complete 
|  49|0x0000000084d00000, 0x0000000084e00000, 0x0000000084e00000|100%|HS|  |TAMS 0x0000000084d00000, 0x0000000084e00000| Complete 
|  50|0x0000000084e00000, 0x0000000084f00000, 0x0000000084f00000|100%|HC|  |TAMS 0x0000000084e00000, 0x0000000084f00000| Complete 
|  51|0x0000000084f00000, 0x0000000085000000, 0x0000000085000000|100%|HC|  |TAMS 0x0000000084f00000, 0x0000000085000000| Complete 
|  52|0x0000000085000000, 0x0000000085100000, 0x0000000085100000|100%|HC|  |TAMS 0x0000000085000000, 0x0000000085100000| Complete 
|  53|0x0000000085100000, 0x0000000085200000, 0x0000000085200000|100%|HC|  |TAMS 0x0000000085100000, 0x0000000085200000| Complete 
|  54|0x0000000085200000, 0x0000000085300000, 0x0000000085300000|100%| O|  |TAMS 0x0000000085200000, 0x0000000085300000| Untracked 
|  55|0x0000000085300000, 0x0000000085400000, 0x0000000085400000|100%| O|  |TAMS 0x0000000085300000, 0x0000000085400000| Untracked 
|  56|0x0000000085400000, 0x00000000854e4200, 0x0000000085500000| 89%| O|  |TAMS 0x0000000085400000, 0x00000000854e4200| Untracked 
|  57|0x0000000085500000, 0x0000000085500000, 0x0000000085600000|  0%| F|  |TAMS 0x0000000085500000, 0x0000000085500000| Untracked 
|  58|0x0000000085600000, 0x0000000085600000, 0x0000000085700000|  0%| F|  |TAMS 0x0000000085600000, 0x0000000085600000| Untracked 
|  59|0x0000000085700000, 0x0000000085700000, 0x0000000085800000|  0%| F|  |TAMS 0x0000000085700000, 0x0000000085700000| Untracked 
|  60|0x0000000085800000, 0x0000000085800000, 0x0000000085900000|  0%| F|  |TAMS 0x0000000085800000, 0x0000000085800000| Untracked 
|  61|0x0000000085900000, 0x0000000085900000, 0x0000000085a00000|  0%| F|  |TAMS 0x0000000085900000, 0x0000000085900000| Untracked 
|  62|0x0000000085a00000, 0x0000000085a00000, 0x0000000085b00000|  0%| F|  |TAMS 0x0000000085a00000, 0x0000000085a00000| Untracked 
|  63|0x0000000085b00000, 0x0000000085b00000, 0x0000000085c00000|  0%| F|  |TAMS 0x0000000085b00000, 0x0000000085b00000| Untracked 
|  64|0x0000000085c00000, 0x0000000085c00000, 0x0000000085d00000|  0%| F|  |TAMS 0x0000000085c00000, 0x0000000085c00000| Untracked 
|  65|0x0000000085d00000, 0x0000000085d00000, 0x0000000085e00000|  0%| F|  |TAMS 0x0000000085d00000, 0x0000000085d00000| Untracked 
|  66|0x0000000085e00000, 0x0000000085e00000, 0x0000000085f00000|  0%| F|  |TAMS 0x0000000085e00000, 0x0000000085e00000| Untracked 
|  67|0x0000000085f00000, 0x0000000085f00000, 0x0000000086000000|  0%| F|  |TAMS 0x0000000085f00000, 0x0000000085f00000| Untracked 
|  68|0x0000000086000000, 0x0000000086000000, 0x0000000086100000|  0%| F|  |TAMS 0x0000000086000000, 0x0000000086000000| Untracked 
|  69|0x0000000086100000, 0x0000000086100000, 0x0000000086200000|  0%| F|  |TAMS 0x0000000086100000, 0x0000000086100000| Untracked 
|  70|0x0000000086200000, 0x0000000086200000, 0x0000000086300000|  0%| F|  |TAMS 0x0000000086200000, 0x0000000086200000| Untracked 
|  71|0x0000000086300000, 0x0000000086300000, 0x0000000086400000|  0%| F|  |TAMS 0x0000000086300000, 0x0000000086300000| Untracked 
|  72|0x0000000086400000, 0x0000000086400000, 0x0000000086500000|  0%| F|  |TAMS 0x0000000086400000, 0x0000000086400000| Untracked 
|  73|0x0000000086500000, 0x0000000086500000, 0x0000000086600000|  0%| F|  |TAMS 0x0000000086500000, 0x0000000086500000| Untracked 
|  74|0x0000000086600000, 0x0000000086600000, 0x0000000086700000|  0%| F|  |TAMS 0x0000000086600000, 0x0000000086600000| Untracked 
|  75|0x0000000086700000, 0x0000000086700000, 0x0000000086800000|  0%| F|  |TAMS 0x0000000086700000, 0x0000000086700000| Untracked 
|  76|0x0000000086800000, 0x0000000086800000, 0x0000000086900000|  0%| F|  |TAMS 0x0000000086800000, 0x0000000086800000| Untracked 
|  77|0x0000000086900000, 0x0000000086900000, 0x0000000086a00000|  0%| F|  |TAMS 0x0000000086900000, 0x0000000086900000| Untracked 
|  78|0x0000000086a00000, 0x0000000086a00000, 0x0000000086b00000|  0%| F|  |TAMS 0x0000000086a00000, 0x0000000086a00000| Untracked 
|  79|0x0000000086b00000, 0x0000000086b00000, 0x0000000086c00000|  0%| F|  |TAMS 0x0000000086b00000, 0x0000000086b00000| Untracked 
|  80|0x0000000086c00000, 0x0000000086c00000, 0x0000000086d00000|  0%| F|  |TAMS 0x0000000086c00000, 0x0000000086c00000| Untracked 
|  81|0x0000000086d00000, 0x0000000086d00000, 0x0000000086e00000|  0%| F|  |TAMS 0x0000000086d00000, 0x0000000086d00000| Untracked 
|  82|0x0000000086e00000, 0x0000000086e00000, 0x0000000086f00000|  0%| F|  |TAMS 0x0000000086e00000, 0x0000000086e00000| Untracked 
|  83|0x0000000086f00000, 0x0000000086f00000, 0x0000000087000000|  0%| F|  |TAMS 0x0000000086f00000, 0x0000000086f00000| Untracked 
|  84|0x0000000087000000, 0x0000000087000000, 0x0000000087100000|  0%| F|  |TAMS 0x0000000087000000, 0x0000000087000000| Untracked 
|  85|0x0000000087100000, 0x0000000087100000, 0x0000000087200000|  0%| F|  |TAMS 0x0000000087100000, 0x0000000087100000| Untracked 
|  86|0x0000000087200000, 0x0000000087200000, 0x0000000087300000|  0%| F|  |TAMS 0x0000000087200000, 0x0000000087200000| Untracked 
|  87|0x0000000087300000, 0x0000000087300000, 0x0000000087400000|  0%| F|  |TAMS 0x0000000087300000, 0x0000000087300000| Untracked 
|  88|0x0000000087400000, 0x0000000087400000, 0x0000000087500000|  0%| F|  |TAMS 0x0000000087400000, 0x0000000087400000| Untracked 
|  89|0x0000000087500000, 0x0000000087500000, 0x0000000087600000|  0%| F|  |TAMS 0x0000000087500000, 0x0000000087500000| Untracked 
|  90|0x0000000087600000, 0x0000000087600000, 0x0000000087700000|  0%| F|  |TAMS 0x0000000087600000, 0x0000000087600000| Untracked 
|  91|0x0000000087700000, 0x0000000087700000, 0x0000000087800000|  0%| F|  |TAMS 0x0000000087700000, 0x0000000087700000| Untracked 
|  92|0x0000000087800000, 0x0000000087800000, 0x0000000087900000|  0%| F|  |TAMS 0x0000000087800000, 0x0000000087800000| Untracked 
|  93|0x0000000087900000, 0x0000000087900000, 0x0000000087a00000|  0%| F|  |TAMS 0x0000000087900000, 0x0000000087900000| Untracked 
|  94|0x0000000087a00000, 0x0000000087a00000, 0x0000000087b00000|  0%| F|  |TAMS 0x0000000087a00000, 0x0000000087a00000| Untracked 
|  95|0x0000000087b00000, 0x0000000087b00000, 0x0000000087c00000|  0%| F|  |TAMS 0x0000000087b00000, 0x0000000087b00000| Untracked 
|  96|0x0000000087c00000, 0x0000000087c00000, 0x0000000087d00000|  0%| F|  |TAMS 0x0000000087c00000, 0x0000000087c00000| Untracked 
|  97|0x0000000087d00000, 0x0000000087d00000, 0x0000000087e00000|  0%| F|  |TAMS 0x0000000087d00000, 0x0000000087d00000| Untracked 
|  98|0x0000000087e00000, 0x0000000087e00000, 0x0000000087f00000|  0%| F|  |TAMS 0x0000000087e00000, 0x0000000087e00000| Untracked 
|  99|0x0000000087f00000, 0x0000000087f00000, 0x0000000088000000|  0%| F|  |TAMS 0x0000000087f00000, 0x0000000087f00000| Untracked 
| 100|0x0000000088000000, 0x0000000088000000, 0x0000000088100000|  0%| F|  |TAMS 0x0000000088000000, 0x0000000088000000| Untracked 
| 101|0x0000000088100000, 0x0000000088100000, 0x0000000088200000|  0%| F|  |TAMS 0x0000000088100000, 0x0000000088100000| Untracked 
| 102|0x0000000088200000, 0x0000000088200000, 0x0000000088300000|  0%| F|  |TAMS 0x0000000088200000, 0x0000000088200000| Untracked 
| 103|0x0000000088300000, 0x0000000088300000, 0x0000000088400000|  0%| F|  |TAMS 0x0000000088300000, 0x0000000088300000| Untracked 
| 104|0x0000000088400000, 0x0000000088400000, 0x0000000088500000|  0%| F|  |TAMS 0x0000000088400000, 0x0000000088400000| Untracked 
| 105|0x0000000088500000, 0x0000000088500000, 0x0000000088600000|  0%| F|  |TAMS 0x0000000088500000, 0x0000000088500000| Untracked 
| 106|0x0000000088600000, 0x0000000088600000, 0x0000000088700000|  0%| F|  |TAMS 0x0000000088600000, 0x0000000088600000| Untracked 
| 107|0x0000000088700000, 0x0000000088700000, 0x0000000088800000|  0%| F|  |TAMS 0x0000000088700000, 0x0000000088700000| Untracked 
| 108|0x0000000088800000, 0x0000000088800000, 0x0000000088900000|  0%| F|  |TAMS 0x0000000088800000, 0x0000000088800000| Untracked 
| 109|0x0000000088900000, 0x0000000088900000, 0x0000000088a00000|  0%| F|  |TAMS 0x0000000088900000, 0x0000000088900000| Untracked 
| 110|0x0000000088a00000, 0x0000000088a00000, 0x0000000088b00000|  0%| F|  |TAMS 0x0000000088a00000, 0x0000000088a00000| Untracked 
| 111|0x0000000088b00000, 0x0000000088b00000, 0x0000000088c00000|  0%| F|  |TAMS 0x0000000088b00000, 0x0000000088b00000| Untracked 
| 112|0x0000000088c00000, 0x0000000088c00000, 0x0000000088d00000|  0%| F|  |TAMS 0x0000000088c00000, 0x0000000088c00000| Untracked 
| 113|0x0000000088d00000, 0x0000000088d00000, 0x0000000088e00000|  0%| F|  |TAMS 0x0000000088d00000, 0x0000000088d00000| Untracked 
| 114|0x0000000088e00000, 0x0000000088e00000, 0x0000000088f00000|  0%| F|  |TAMS 0x0000000088e00000, 0x0000000088e00000| Untracked 
| 115|0x0000000088f00000, 0x0000000088f00000, 0x0000000089000000|  0%| F|  |TAMS 0x0000000088f00000, 0x0000000088f00000| Untracked 
| 116|0x0000000089000000, 0x0000000089000000, 0x0000000089100000|  0%| F|  |TAMS 0x0000000089000000, 0x0000000089000000| Untracked 
| 117|0x0000000089100000, 0x0000000089100000, 0x0000000089200000|  0%| F|  |TAMS 0x0000000089100000, 0x0000000089100000| Untracked 
| 118|0x0000000089200000, 0x0000000089200000, 0x0000000089300000|  0%| F|  |TAMS 0x0000000089200000, 0x0000000089200000| Untracked 
| 119|0x0000000089300000, 0x0000000089300000, 0x0000000089400000|  0%| F|  |TAMS 0x0000000089300000, 0x0000000089300000| Untracked 
| 120|0x0000000089400000, 0x0000000089400000, 0x0000000089500000|  0%| F|  |TAMS 0x0000000089400000, 0x0000000089400000| Untracked 
| 121|0x0000000089500000, 0x0000000089500000, 0x0000000089600000|  0%| F|  |TAMS 0x0000000089500000, 0x0000000089500000| Untracked 
| 122|0x0000000089600000, 0x0000000089600000, 0x0000000089700000|  0%| F|  |TAMS 0x0000000089600000, 0x0000000089600000| Untracked 
| 123|0x0000000089700000, 0x0000000089700000, 0x0000000089800000|  0%| F|  |TAMS 0x0000000089700000, 0x0000000089700000| Untracked 
| 124|0x0000000089800000, 0x0000000089800000, 0x0000000089900000|  0%| F|  |TAMS 0x0000000089800000, 0x0000000089800000| Untracked 
| 125|0x0000000089900000, 0x0000000089964850, 0x0000000089a00000| 39%| S|CS|TAMS 0x0000000089900000, 0x0000000089900000| Complete 
| 126|0x0000000089a00000, 0x0000000089a00000, 0x0000000089b00000|  0%| F|  |TAMS 0x0000000089a00000, 0x0000000089a00000| Untracked 
| 127|0x0000000089b00000, 0x0000000089b00000, 0x0000000089c00000|  0%| F|  |TAMS 0x0000000089b00000, 0x0000000089b00000| Untracked 

Card table byte_map: [0x000001d37c6e0000,0x000001d37cae0000] _byte_map_base: 0x000001d37c2d2000

Marking Bits (Prev, Next): (CMBitMap*) 0x000001d37293a0f0, (CMBitMap*) 0x000001d37293a130
 Prev Bits: [0x000001d37cee0000, 0x000001d37ee70000)
 Next Bits: [0x000001d30f000000, 0x000001d310f90000)

Polling page: 0x000001d3729e0000

Metaspace:

Usage:
  Non-class:     10.96 MB used.
      Class:      1.44 MB used.
       Both:     12.40 MB used.

Virtual space:
  Non-class space:       16.00 MB reserved,      11.06 MB ( 69%) committed,  2 nodes.
      Class space:        1.00 GB reserved,       1.56 MB ( <1%) committed,  1 nodes.
              Both:        1.02 GB reserved,      12.62 MB (  1%) committed. 

Chunk freelists:
   Non-Class:  993.00 KB
       Class:  2.50 MB
        Both:  3.47 MB

MaxMetaspaceSize: 17179869184.00 GB
CompressedClassSpaceSize: 1.00 GB
 - commit_granule_bytes: 65536.
 - commit_granule_words: 8192.
 - virtual_space_node_default_size: 1048576.
 - enlarge_chunks_in_place: 1.
 - new_chunks_are_fully_committed: 0.
 - uncommit_free_chunks: 1.
 - use_allocation_guard: 0.
 - handle_deallocations: 1.


Internal statistics:

num_allocs_failed_limit: 0.
num_arena_births: 138.
num_arena_deaths: 0.
num_vsnodes_births: 3.
num_vsnodes_deaths: 0.
num_space_committed: 202.
num_space_uncommitted: 0.
num_chunks_returned_to_freelist: 0.
num_chunks_taken_from_freelist: 221.
num_chunk_merges: 0.
num_chunk_splits: 129.
num_chunks_enlarged: 65.
num_purges: 0.

CodeHeap 'non-profiled nmethods': size=120000Kb used=709Kb max_used=709Kb free=119290Kb
 bounds [0x000001d307ad0000, 0x000001d307d40000, 0x000001d30f000000]
CodeHeap 'profiled nmethods': size=120000Kb used=3462Kb max_used=3462Kb free=116537Kb
 bounds [0x000001d3005a0000, 0x000001d300910000, 0x000001d307ad0000]
CodeHeap 'non-nmethods': size=5760Kb used=1339Kb max_used=1373Kb free=4420Kb
 bounds [0x000001d300000000, 0x000001d300270000, 0x000001d3005a0000]
 total_blobs=2568 nmethods=1890 adapters=590
 compilation: enabled
              stopped_count=0, restarted_count=0
 full_count=0

Compilation events (20 events):
Event: 3.596 Thread 0x000001d37f8fa2a0 1884       3       sun.java2d.marlin.MarlinCache::resetTileLine (111 bytes)
Event: 3.596 Thread 0x000001d37f8fa2a0 nmethod 1884 0x000001d3008fb890 code [0x000001d3008fba60, 0x000001d3008fbd48]
Event: 3.596 Thread 0x000001d37f8fa2a0 1887       3       sun.java2d.SurfaceData::validatePipe (785 bytes)
Event: 3.597 Thread 0x000001d37f8fa2a0 nmethod 1887 0x000001d3008fbe90 code [0x000001d3008fc320, 0x000001d3008ff3c8]
Event: 3.598 Thread 0x000001d37f8fa2a0 1886       3       sun.java2d.pipe.Region::getIntersectionXYXY (57 bytes)
Event: 3.598 Thread 0x000001d37f8fa2a0 nmethod 1886 0x000001d3008ff590 code [0x000001d3008ff7c0, 0x000001d3008ffe88]
Event: 3.614 Thread 0x000001d37f8fa2a0 1889       3       java.security.AccessControlContext::<init> (63 bytes)
Event: 3.614 Thread 0x000001d37f8e4fc0 nmethod 1862 0x000001d307b7b910 code [0x000001d307b7bb60, 0x000001d307b7e378]
Event: 3.614 Thread 0x000001d37f8fa2a0 nmethod 1889 0x000001d300900090 code [0x000001d300900260, 0x000001d300900748]
Event: 3.615 Thread 0x000001d37f8fa2a0 1888       1       java.awt.Component::isCoalescingEnabled (5 bytes)
Event: 3.615 Thread 0x000001d37f8fa2a0 nmethod 1888 0x000001d307b80790 code [0x000001d307b80920, 0x000001d307b809f8]
Event: 3.616 Thread 0x000001d37f8e4fc0 1882       4       sun.java2d.marlin.DRenderer::copyAARow (77 bytes)
Event: 3.617 Thread 0x000001d37f8e4fc0 nmethod 1882 0x000001d307b80a90 code [0x000001d307b80c20, 0x000001d307b80d58]
Event: 3.617 Thread 0x000001d37f8e4fc0 1879       4       java.util.concurrent.locks.AbstractQueuedSynchronizer::compareAndSetState (13 bytes)
Event: 3.617 Thread 0x000001d37f8fa2a0 1890       1       java.awt.image.SampleModel::getNumBands (5 bytes)
Event: 3.617 Thread 0x000001d37f8fa2a0 nmethod 1890 0x000001d307b80e90 code [0x000001d307b81020, 0x000001d307b810f8]
Event: 3.617 Thread 0x000001d37f8e4fc0 nmethod 1879 0x000001d307b81190 code [0x000001d307b81300, 0x000001d307b81398]
Event: 3.618 Thread 0x000001d37f8fa2a0 1891       3       javax.swing.JLayeredPane::paint (77 bytes)
Event: 3.618 Thread 0x000001d37f8fa2a0 nmethod 1891 0x000001d300900910 code [0x000001d300900b40, 0x000001d3009016d8]
Event: 3.618 Thread 0x000001d37f8fa2a0 1892 %     3       sun.java2d.marlin.MarlinTileGenerator::getAlphaRLE @ 1617 (1749 bytes)

GC Heap History (19 events):
Event: 0.793 GC heap before
{Heap before GC invocations=0 (full 0):
 garbage-first heap   total 131072K, used 35840K [0x0000000081c00000, 0x0000000100000000)
  region size 1024K, 23 young (23552K), 0 survivors (0K)
 Metaspace       used 11683K, committed 11968K, reserved 1064960K
  class space    used 1396K, committed 1536K, reserved 1048576K
}
Event: 0.799 GC heap after
{Heap after GC invocations=1 (full 0):
 garbage-first heap   total 131072K, used 17342K [0x0000000081c00000, 0x0000000100000000)
  region size 1024K, 3 young (3072K), 3 survivors (3072K)
 Metaspace       used 11683K, committed 11968K, reserved 1064960K
  class space    used 1396K, committed 1536K, reserved 1048576K
}
Event: 1.488 GC heap before
{Heap before GC invocations=1 (full 0):
 garbage-first heap   total 131072K, used 61374K [0x0000000081c00000, 0x0000000100000000)
  region size 1024K, 8 young (8192K), 3 survivors (3072K)
 Metaspace       used 12579K, committed 12800K, reserved 1064960K
  class space    used 1477K, committed 1600K, reserved 1048576K
}
Event: 1.491 GC heap after
{Heap after GC invocations=2 (full 0):
 garbage-first heap   total 131072K, used 59029K [0x0000000081c00000, 0x0000000100000000)
  region size 1024K, 1 young (1024K), 1 survivors (1024K)
 Metaspace       used 12579K, committed 12800K, reserved 1064960K
  class space    used 1477K, committed 1600K, reserved 1048576K
}
Event: 1.496 GC heap before
{Heap before GC invocations=2 (full 0):
 garbage-first heap   total 131072K, used 64149K [0x0000000081c00000, 0x0000000100000000)
  region size 1024K, 2 young (2048K), 1 survivors (1024K)
 Metaspace       used 12580K, committed 12800K, reserved 1064960K
  class space    used 1477K, committed 1600K, reserved 1048576K
}
Event: 1.497 GC heap after
{Heap after GC invocations=3 (full 0):
 garbage-first heap   total 131072K, used 26944K [0x0000000081c00000, 0x0000000100000000)
  region size 1024K, 1 young (1024K), 1 survivors (1024K)
 Metaspace       used 12580K, committed 12800K, reserved 1064960K
  class space    used 1477K, committed 1600K, reserved 1048576K
}
Event: 2.297 GC heap before
{Heap before GC invocations=3 (full 0):
 garbage-first heap   total 131072K, used 58688K [0x0000000081c00000, 0x0000000100000000)
  region size 1024K, 2 young (2048K), 1 survivors (1024K)
 Metaspace       used 12626K, committed 12864K, reserved 1064960K
  class space    used 1477K, committed 1600K, reserved 1048576K
}
Event: 2.298 GC heap after
{Heap after GC invocations=4 (full 0):
 garbage-first heap   total 131072K, used 58662K [0x0000000081c00000, 0x0000000100000000)
  region size 1024K, 1 young (1024K), 1 survivors (1024K)
 Metaspace       used 12626K, committed 12864K, reserved 1064960K
  class space    used 1477K, committed 1600K, reserved 1048576K
}
Event: 2.301 GC heap before
{Heap before GC invocations=4 (full 0):
 garbage-first heap   total 131072K, used 63782K [0x0000000081c00000, 0x0000000100000000)
  region size 1024K, 2 young (2048K), 1 survivors (1024K)
 Metaspace       used 12626K, committed 12864K, reserved 1064960K
  class space    used 1477K, committed 1600K, reserved 1048576K
}
Event: 2.302 GC heap after
{Heap after GC invocations=5 (full 0):
 garbage-first heap   total 131072K, used 26938K [0x0000000081c00000, 0x0000000100000000)
  region size 1024K, 1 young (1024K), 1 survivors (1024K)
 Metaspace       used 12626K, committed 12864K, reserved 1064960K
  class space    used 1477K, committed 1600K, reserved 1048576K
}
Event: 2.649 GC heap before
{Heap before GC invocations=5 (full 0):
 garbage-first heap   total 131072K, used 59706K [0x0000000081c00000, 0x0000000100000000)
  region size 1024K, 3 young (3072K), 1 survivors (1024K)
 Metaspace       used 12653K, committed 12864K, reserved 1064960K
  class space    used 1477K, committed 1600K, reserved 1048576K
}
Event: 2.651 GC heap after
{Heap after GC invocations=6 (full 0):
 garbage-first heap   total 131072K, used 58665K [0x0000000081c00000, 0x0000000100000000)
  region size 1024K, 1 young (1024K), 1 survivors (1024K)
 Metaspace       used 12653K, committed 12864K, reserved 1064960K
  class space    used 1477K, committed 1600K, reserved 1048576K
}
Event: 2.652 GC heap before
{Heap before GC invocations=6 (full 0):
 garbage-first heap   total 131072K, used 63785K [0x0000000081c00000, 0x0000000100000000)
  region size 1024K, 2 young (2048K), 1 survivors (1024K)
 Metaspace       used 12654K, committed 12864K, reserved 1064960K
  class space    used 1477K, committed 1600K, reserved 1048576K
}
Event: 2.653 GC heap after
{Heap after GC invocations=7 (full 0):
 garbage-first heap   total 131072K, used 26916K [0x0000000081c00000, 0x0000000100000000)
  region size 1024K, 1 young (1024K), 1 survivors (1024K)
 Metaspace       used 12654K, committed 12864K, reserved 1064960K
  class space    used 1477K, committed 1600K, reserved 1048576K
}
Event: 3.562 GC heap before
{Heap before GC invocations=7 (full 0):
 garbage-first heap   total 131072K, used 59684K [0x0000000081c00000, 0x0000000100000000)
  region size 1024K, 3 young (3072K), 1 survivors (1024K)
 Metaspace       used 12684K, committed 12928K, reserved 1064960K
  class space    used 1477K, committed 1600K, reserved 1048576K
}
Event: 3.563 GC heap after
{Heap after GC invocations=8 (full 0):
 garbage-first heap   total 131072K, used 58674K [0x0000000081c00000, 0x0000000100000000)
  region size 1024K, 1 young (1024K), 1 survivors (1024K)
 Metaspace       used 12684K, committed 12928K, reserved 1064960K
  class space    used 1477K, committed 1600K, reserved 1048576K
}
Event: 3.564 GC heap before
{Heap before GC invocations=8 (full 0):
 garbage-first heap   total 131072K, used 63794K [0x0000000081c00000, 0x0000000100000000)
  region size 1024K, 2 young (2048K), 1 survivors (1024K)
 Metaspace       used 12684K, committed 12928K, reserved 1064960K
  class space    used 1477K, committed 1600K, reserved 1048576K
}
Event: 3.565 GC heap after
{Heap after GC invocations=9 (full 0):
 garbage-first heap   total 131072K, used 26931K [0x0000000081c00000, 0x0000000100000000)
  region size 1024K, 1 young (1024K), 1 survivors (1024K)
 Metaspace       used 12684K, committed 12928K, reserved 1064960K
  class space    used 1477K, committed 1600K, reserved 1048576K
}
Event: 3.619 GC heap before
{Heap before GC invocations=9 (full 0):
 garbage-first heap   total 131072K, used 58675K [0x0000000081c00000, 0x0000000100000000)
  region size 1024K, 2 young (2048K), 1 survivors (1024K)
 Metaspace       used 12696K, committed 12928K, reserved 1064960K
  class space    used 1477K, committed 1600K, reserved 1048576K
}

Deoptimization events (20 events):
Event: 1.469 Thread 0x000001d313c62460 DEOPT PACKING pc=0x000001d3008378c2 sp=0x0000002ba1efd1c0
Event: 1.469 Thread 0x000001d313c62460 DEOPT UNPACKING pc=0x000001d30004dece sp=0x0000002ba1efc670 mode 0
Event: 2.255 Thread 0x000001d313c62460 DEOPT PACKING pc=0x000001d30087d620 sp=0x0000002ba1efcf60
Event: 2.255 Thread 0x000001d313c62460 DEOPT UNPACKING pc=0x000001d30004dece sp=0x0000002ba1efc340 mode 0
Event: 2.319 Thread 0x000001d313c62460 DEOPT PACKING pc=0x000001d30088410e sp=0x0000002ba1efd160
Event: 2.319 Thread 0x000001d313c62460 DEOPT UNPACKING pc=0x000001d30004dece sp=0x0000002ba1efc4f0 mode 0
Event: 3.536 Thread 0x000001d313c62460 DEOPT PACKING pc=0x000001d3008b069a sp=0x0000002ba1efd200
Event: 3.536 Thread 0x000001d313c62460 DEOPT UNPACKING pc=0x000001d30004dece sp=0x0000002ba1efc5f8 mode 0
Event: 3.560 Thread 0x000001d313c62460 DEOPT PACKING pc=0x000001d3008b069a sp=0x0000002ba1efd200
Event: 3.560 Thread 0x000001d313c62460 DEOPT UNPACKING pc=0x000001d30004dece sp=0x0000002ba1efc5f8 mode 0
Event: 3.560 Thread 0x000001d313c62460 Uncommon trap: trap_request=0xffffff45 fr.pc=0x000001d307b6fa70 relative=0x0000000000001b70
Event: 3.560 Thread 0x000001d313c62460 Uncommon trap: reason=unstable_if action=reinterpret pc=0x000001d307b6fa70 method=sun.java2d.marlin.DRenderer._endRendering(II)V @ 2419 c2
Event: 3.560 Thread 0x000001d313c62460 DEOPT PACKING pc=0x000001d307b6fa70 sp=0x0000002ba1efd0a0
Event: 3.560 Thread 0x000001d313c62460 DEOPT UNPACKING pc=0x000001d30004d72e sp=0x0000002ba1efce48 mode 2
Event: 3.585 Thread 0x000001d313c62460 DEOPT PACKING pc=0x000001d3008b069a sp=0x0000002ba1efcf40
Event: 3.585 Thread 0x000001d313c62460 DEOPT UNPACKING pc=0x000001d30004dece sp=0x0000002ba1efc338 mode 0
Event: 3.618 Thread 0x000001d313c62460 Uncommon trap: trap_request=0xffffff45 fr.pc=0x000001d307b7daf4 relative=0x0000000000001f94
Event: 3.618 Thread 0x000001d313c62460 Uncommon trap: reason=unstable_if action=reinterpret pc=0x000001d307b7daf4 method=sun.java2d.marlin.MarlinTileGenerator.getAlphaRLE([BII)V @ 1631 c2
Event: 3.618 Thread 0x000001d313c62460 DEOPT PACKING pc=0x000001d307b7daf4 sp=0x0000002ba1efcfb0
Event: 3.618 Thread 0x000001d313c62460 DEOPT UNPACKING pc=0x000001d30004d72e sp=0x0000002ba1efce48 mode 2

Classes unloaded (0 events):
No events

Classes redefined (0 events):
No events

Internal exceptions (20 events):
Event: 0.261 Thread 0x000001d3728f89d0 Exception <a 'java/lang/ClassNotFoundException'{0x000000008977d7d8}: javax/swing/JToolBarSeparator> (0x000000008977d7d8) 
thrown [t:\workspace\open\src\hotspot\share\classfile\systemDictionary.cpp, line 256]
Event: 0.261 Thread 0x000001d3728f89d0 Exception <a 'java/lang/ClassNotFoundException'{0x000000008977dae0}: ToolBarSeparator> (0x000000008977dae0) 
thrown [t:\workspace\open\src\hotspot\share\classfile\systemDictionary.cpp, line 256]
Event: 0.261 Thread 0x000001d3728f89d0 Exception <a 'java/lang/ClassNotFoundException'{0x000000008977dff8}: ToolTip> (0x000000008977dff8) 
thrown [t:\workspace\open\src\hotspot\share\classfile\systemDictionary.cpp, line 256]
Event: 0.262 Thread 0x000001d3728f89d0 Exception <a 'java/lang/ClassNotFoundException'{0x000000008977e948}: Tree> (0x000000008977e948) 
thrown [t:\workspace\open\src\hotspot\share\classfile\systemDictionary.cpp, line 256]
Event: 0.262 Thread 0x000001d3728f89d0 Exception <a 'java/lang/ClassNotFoundException'{0x000000008977ee40}: Tree> (0x000000008977ee40) 
thrown [t:\workspace\open\src\hotspot\share\classfile\systemDictionary.cpp, line 256]
Event: 0.262 Thread 0x000001d3728f89d0 Exception <a 'java/lang/ClassNotFoundException'{0x000000008977f1b0}: javax/swing/JTreeCell> (0x000000008977f1b0) 
thrown [t:\workspace\open\src\hotspot\share\classfile\systemDictionary.cpp, line 256]
Event: 0.262 Thread 0x000001d3728f89d0 Exception <a 'java/lang/ClassNotFoundException'{0x000000008977f4b0}: TreeCell> (0x000000008977f4b0) 
thrown [t:\workspace\open\src\hotspot\share\classfile\systemDictionary.cpp, line 256]
Event: 0.262 Thread 0x000001d3728f89d0 Exception <a 'java/lang/ClassNotFoundException'{0x000000008977fc70}: RootPane> (0x000000008977fc70) 
thrown [t:\workspace\open\src\hotspot\share\classfile\systemDictionary.cpp, line 256]
Event: 0.263 Thread 0x000001d3728f89d0 Exception <a 'java/lang/ClassNotFoundException'{0x0000000089782ac0}: com/sun/swing/internal/plaf/metal/resources/spi/metalProvider> (0x0000000089782ac0) 
thrown [t:\workspace\open\src\hotspot\share\classfile\systemDictionary.cpp, line 256]
Event: 0.264 Thread 0x000001d3728f89d0 Exception <a 'java/lang/ClassNotFoundException'{0x0000000089786880}: com/sun/swing/internal/plaf/basic/resources/spi/basicProvider> (0x0000000089786880) 
thrown [t:\workspace\open\src\hotspot\share\classfile\systemDictionary.cpp, line 256]
Event: 0.281 Thread 0x000001d313c62460 Exception <a 'java/lang/ClassNotFoundException'{0x0000000089601ae8}: com/sun/swing/internal/plaf/synth/resources/spi/synthProvider> (0x0000000089601ae8) 
thrown [t:\workspace\open\src\hotspot\share\classfile\systemDictionary.cpp, line 256]
Event: 0.348 Thread 0x000001d313bb8130 Exception <a 'java/lang/NoSuchMethodError'{0x00000000895eef58}: 'java.lang.Object java.lang.invoke.DirectMethodHandle$Holder.newInvokeSpecial(java.lang.Object, java.lang.Object, java.lang.Object, int, int, int, int, int)'> (0x00000000895eef58) 
thrown [t:\workspace\open\src\hotspot\share\interpreter\linkResolver.cpp, line 790]
Event: 0.362 Thread 0x000001d313c62460 Exception <a 'java/lang/ClassNotFoundException'{0x0000000089421838}: java/lang/ObjectCustomizer> (0x0000000089421838) 
thrown [t:\workspace\open\src\hotspot\share\classfile\systemDictionary.cpp, line 256]
Event: 0.366 Thread 0x000001d313c62460 Exception <a 'java/lang/NoSuchMethodError'{0x0000000089428b48}: 'java.lang.Object java.lang.invoke.DirectMethodHandle$Holder.invokeInterface(java.lang.Object, java.lang.Object)'> (0x0000000089428b48) 
thrown [t:\workspace\open\src\hotspot\share\interpreter\linkResolver.cpp, line 790]
Event: 0.367 Thread 0x000001d313c62460 Exception <a 'java/lang/IncompatibleClassChangeError'{0x000000008942c540}: Found class java.lang.Object, but interface was expected> (0x000000008942c540) 
thrown [t:\workspace\open\src\hotspot\share\interpreter\linkResolver.cpp, line 857]
Event: 0.380 Thread 0x000001d313c62460 Exception <a 'java/lang/ClassNotFoundException'{0x000000008946a0a0}: net/miginfocom/layout/UnitValueCustomizer> (0x000000008946a0a0) 
thrown [t:\workspace\open\src\hotspot\share\classfile\systemDictionary.cpp, line 256]
Event: 0.383 Thread 0x000001d313c62460 Exception <a 'java/lang/ClassNotFoundException'{0x000000008947d240}: java/lang/ObjectCustomizer> (0x000000008947d240) 
thrown [t:\workspace\open\src\hotspot\share\classfile\systemDictionary.cpp, line 256]
Event: 0.384 Thread 0x000001d313c62460 Exception <a 'java/lang/ClassNotFoundException'{0x0000000089482b68}: net/miginfocom/layout/BoundSizeCustomizer> (0x0000000089482b68) 
thrown [t:\workspace\open\src\hotspot\share\classfile\systemDictionary.cpp, line 256]
Event: 0.590 Thread 0x000001d313c62460 Exception <a 'java/lang/NoSuchMethodError'{0x0000000088bce850}: 'void java.lang.invoke.DirectMethodHandle$Holder.invokeStaticInit(java.lang.Object)'> (0x0000000088bce850) 
thrown [t:\workspace\open\src\hotspot\share\interpreter\linkResolver.cpp, line 790]
Event: 0.686 Thread 0x000001d313be3940 Exception <a 'java/lang/NoSuchMethodError'{0x00000000899fd6a0}: 'void java.lang.invoke.DirectMethodHandle$Holder.invokeVirtual(java.lang.Object, java.lang.Object)'> (0x00000000899fd6a0) 
thrown [t:\workspace\open\src\hotspot\share\interpreter\linkResolver.cpp, line 790]

Events (20 events):
Event: 1.414 loading class java/util/concurrent/locks/AbstractQueuedSynchronizer$ExclusiveNode done
Event: 1.415 Thread 0x000001d314eced00 Thread exited: 0x000001d314eced00
Event: 1.415 Thread 0x000001d313a0a2b0 Thread exited: 0x000001d313a0a2b0
Event: 1.488 Executing  VM operation: G1TryInitiateConcMark
Event: 1.491 Executing  VM operation: G1TryInitiateConcMark done
Event: 1.496 Executing  VM operation: G1TryInitiateConcMark
Event: 1.497 Executing  VM operation: G1TryInitiateConcMark done
Event: 2.297 Executing  VM operation: G1TryInitiateConcMark
Event: 2.298 Executing  VM operation: G1TryInitiateConcMark done
Event: 2.300 Executing  VM operation: G1TryInitiateConcMark
Event: 2.302 Executing  VM operation: G1TryInitiateConcMark done
Event: 2.649 Executing  VM operation: G1TryInitiateConcMark
Event: 2.651 Executing  VM operation: G1TryInitiateConcMark done
Event: 2.652 Executing  VM operation: G1TryInitiateConcMark
Event: 2.653 Executing  VM operation: G1TryInitiateConcMark done
Event: 3.562 Executing  VM operation: G1TryInitiateConcMark
Event: 3.563 Executing  VM operation: G1TryInitiateConcMark done
Event: 3.564 Executing  VM operation: G1TryInitiateConcMark
Event: 3.565 Executing  VM operation: G1TryInitiateConcMark done
Event: 3.619 Executing  VM operation: G1TryInitiateConcMark


Dynamic libraries:
0x00007ff687b90000 - 0x00007ff687ba0000 	C:\Program Files\Java\jdk-16\bin\java.exe
0x00007ff8ea190000 - 0x00007ff8ea385000 	C:\WINDOWS\SYSTEM32\ntdll.dll
0x00007ff8e94c0000 - 0x00007ff8e957e000 	C:\WINDOWS\System32\KERNEL32.DLL
0x00007ff8e78b0000 - 0x00007ff8e7b79000 	C:\WINDOWS\System32\KERNELBASE.dll
0x00007ff8e7c90000 - 0x00007ff8e7d90000 	C:\WINDOWS\System32\ucrtbase.dll
0x00007ff8d83e0000 - 0x00007ff8d83f9000 	C:\Program Files\Java\jdk-16\bin\VCRUNTIME140.dll
0x00007ff8e2a70000 - 0x00007ff8e2a88000 	C:\Program Files\Java\jdk-16\bin\jli.dll
0x00007ff8e8970000 - 0x00007ff8e8a1c000 	C:\WINDOWS\System32\ADVAPI32.dll
0x00007ff8e8540000 - 0x00007ff8e85de000 	C:\WINDOWS\System32\msvcrt.dll
0x00007ff8e9660000 - 0x00007ff8e96fb000 	C:\WINDOWS\System32\sechost.dll
0x00007ff8e8820000 - 0x00007ff8e894a000 	C:\WINDOWS\System32\RPCRT4.dll
0x00007ff8e9700000 - 0x00007ff8e98a1000 	C:\WINDOWS\System32\USER32.dll
0x00007ff8d1290000 - 0x00007ff8d152a000 	C:\WINDOWS\WinSxS\amd64_microsoft.windows.common-controls_6595b64144ccf1df_6.0.19041.1110_none_60b5254171f9507e\COMCTL32.dll
0x00007ff8e7df0000 - 0x00007ff8e7e12000 	C:\WINDOWS\System32\win32u.dll
0x00007ff8e98b0000 - 0x00007ff8e98db000 	C:\WINDOWS\System32\GDI32.dll
0x00007ff8e7b80000 - 0x00007ff8e7c8b000 	C:\WINDOWS\System32\gdi32full.dll
0x00007ff8e80f0000 - 0x00007ff8e818d000 	C:\WINDOWS\System32\msvcp_win.dll
0x00007ff8e21c0000 - 0x00007ff8e21ca000 	C:\WINDOWS\SYSTEM32\VERSION.dll
0x00007ff8e8260000 - 0x00007ff8e8290000 	C:\WINDOWS\System32\IMM32.DLL
0x00007ff8e1a10000 - 0x00007ff8e1a1c000 	C:\Program Files\Java\jdk-16\bin\vcruntime140_1.dll
0x00007ff8bbb10000 - 0x00007ff8bbba1000 	C:\Program Files\Java\jdk-16\bin\msvcp140.dll
0x00007ff8823f0000 - 0x00007ff882f9b000 	C:\Program Files\Java\jdk-16\bin\server\jvm.dll
0x00007ff8e8a20000 - 0x00007ff8e8a28000 	C:\WINDOWS\System32\PSAPI.DLL
0x00007ff8d36b0000 - 0x00007ff8d36b9000 	C:\WINDOWS\SYSTEM32\WSOCK32.dll
0x00007ff8d0dc0000 - 0x00007ff8d0de7000 	C:\WINDOWS\SYSTEM32\WINMM.dll
0x00007ff8e8290000 - 0x00007ff8e82fb000 	C:\WINDOWS\System32\WS2_32.dll
0x00007ff8e6130000 - 0x00007ff8e6142000 	C:\WINDOWS\SYSTEM32\kernel.appcore.dll
0x00007ff8e1940000 - 0x00007ff8e194a000 	C:\Program Files\Java\jdk-16\bin\jimage.dll
0x00007ff8e56a0000 - 0x00007ff8e5884000 	C:\WINDOWS\SYSTEM32\DBGHELP.DLL
0x00007ff8d1240000 - 0x00007ff8d126c000 	C:\WINDOWS\SYSTEM32\dbgcore.DLL
0x00007ff8e7e20000 - 0x00007ff8e7ea3000 	C:\WINDOWS\System32\bcryptPrimitives.dll
0x00007ff8d69a0000 - 0x00007ff8d69c5000 	C:\Program Files\Java\jdk-16\bin\java.dll
0x00007ff8e99a0000 - 0x00007ff8ea0df000 	C:\WINDOWS\System32\SHELL32.dll
0x00007ff8e5990000 - 0x00007ff8e6120000 	C:\WINDOWS\SYSTEM32\windows.storage.dll
0x00007ff8e8a40000 - 0x00007ff8e8d95000 	C:\WINDOWS\System32\combase.dll
0x00007ff8e7230000 - 0x00007ff8e725c000 	C:\WINDOWS\SYSTEM32\Wldp.dll
0x00007ff8e8e70000 - 0x00007ff8e8f1d000 	C:\WINDOWS\System32\SHCORE.dll
0x00007ff8e9940000 - 0x00007ff8e9995000 	C:\WINDOWS\System32\shlwapi.dll
0x00007ff8e77f0000 - 0x00007ff8e780f000 	C:\WINDOWS\SYSTEM32\profapi.dll
0x00007ff8d6220000 - 0x00007ff8d6239000 	C:\Program Files\Java\jdk-16\bin\net.dll
0x00007ff8dfb80000 - 0x00007ff8dfc88000 	C:\WINDOWS\SYSTEM32\WINHTTP.dll
0x00007ff8e6f90000 - 0x00007ff8e6ffa000 	C:\WINDOWS\system32\mswsock.dll
0x00007ff8d59f0000 - 0x00007ff8d5a03000 	C:\Program Files\Java\jdk-16\bin\nio.dll
0x00007ff8c7120000 - 0x00007ff8c7138000 	C:\Program Files\Java\jdk-16\bin\zip.dll
0x00007ff8a0690000 - 0x00007ff8a0810000 	C:\Program Files\Java\jdk-16\bin\awt.dll
0x00007ff8e8da0000 - 0x00007ff8e8e6d000 	C:\WINDOWS\System32\OLEAUT32.dll
0x00007ff8e4bd0000 - 0x00007ff8e4c60000 	C:\WINDOWS\SYSTEM32\apphelp.dll
0x00007ff8e4f20000 - 0x00007ff8e4fbe000 	C:\WINDOWS\system32\uxtheme.dll
0x00007ff8e8f20000 - 0x00007ff8e9035000 	C:\WINDOWS\System32\MSCTF.dll
0x00007ff8e8690000 - 0x00007ff8e87ba000 	C:\WINDOWS\System32\ole32.dll
0x00007ff8e5220000 - 0x00007ff8e524f000 	C:\WINDOWS\system32\DWMAPI.DLL
0x00007ff8b60f0000 - 0x00007ff8b6179000 	C:\Program Files\Java\jdk-16\bin\freetype.dll
0x00007ff8ad2f0000 - 0x00007ff8ad3e6000 	C:\Program Files\Java\jdk-16\bin\harfbuzz.dll
0x00007ff8c6780000 - 0x00007ff8c6792000 	C:\Program Files\Java\jdk-16\bin\fontmanager.dll
0x00007ff8c65e0000 - 0x00007ff8c6705000 	C:\WINDOWS\system32\opengl32.dll
0x00007ff8d6600000 - 0x00007ff8d662c000 	C:\WINDOWS\SYSTEM32\GLU32.dll
0x00007ff8e0d80000 - 0x00007ff8e0d90000 	C:\Program Files\Java\jdk-16\bin\verify.dll
0x00007ff8c6b20000 - 0x00007ff8c6b4d000 	C:\Program Files\Java\jdk-16\bin\javajpeg.dll
0x00007ff8e85e0000 - 0x00007ff8e8689000 	C:\WINDOWS\System32\clbcatq.dll
0x00007ff8e0400000 - 0x00007ff8e05b4000 	C:\WINDOWS\SYSTEM32\WindowsCodecs.dll
0x00007ff8e80c0000 - 0x00007ff8e80e7000 	C:\WINDOWS\System32\bcrypt.dll
0x00007ff8c64f0000 - 0x00007ff8c652e000 	C:\WINDOWS\system32\dataexchange.dll
0x00007ff8e2da0000 - 0x00007ff8e3004000 	C:\WINDOWS\system32\d3d11.dll
0x00007ff8e3d70000 - 0x00007ff8e3f55000 	C:\WINDOWS\system32\dcomp.dll
0x00007ff8e62c0000 - 0x00007ff8e63b4000 	C:\WINDOWS\system32\dxgi.dll
0x00007ff8e0820000 - 0x00007ff8e0a21000 	C:\WINDOWS\system32\twinapi.appcore.dll
0x00007ff8e02e0000 - 0x00007ff8e03d9000 	C:\WINDOWS\SYSTEM32\textinputframework.dll
0x00007ff8e47d0000 - 0x00007ff8e48c2000 	C:\WINDOWS\System32\CoreMessaging.dll
0x00007ff8e4470000 - 0x00007ff8e47ce000 	C:\WINDOWS\System32\CoreUIComponents.dll
0x00007ff8e65a0000 - 0x00007ff8e65d3000 	C:\WINDOWS\SYSTEM32\ntmarta.dll
0x00007ff8e3b80000 - 0x00007ff8e3cd4000 	C:\WINDOWS\SYSTEM32\wintypes.dll

dbghelp: loaded successfully - version: 4.0.5 - missing functions: none
symbol engine: initialized successfully - sym options: 0x614 - pdb path: .;C:\Program Files\Java\jdk-16\bin;C:\WINDOWS\SYSTEM32;C:\WINDOWS\WinSxS\amd64_microsoft.windows.common-controls_6595b64144ccf1df_6.0.19041.1110_none_60b5254171f9507e;C:\Program Files\Java\jdk-16\bin\server

VM Arguments:
jvm_args: -Dfile.encoding=UTF-8 --module-path=D:\NetBeansProjects\AppChatFinal\build\classes 
java_command: main.Main
java_class_path (initial): D:\eclipse\eclipse-workspace\ClientChatApp-Final\lib\miglayout-4.0.jar;D:\NetBeansProjects\AppChatFinal\build\classes
Launcher Type: SUN_STANDARD

[Global flags]
     intx CICompilerCount                          = 4                                         {product} {ergonomic}
     uint ConcGCThreads                            = 2                                         {product} {ergonomic}
     uint G1ConcRefinementThreads                  = 8                                         {product} {ergonomic}
   size_t G1HeapRegionSize                         = 1048576                                   {product} {ergonomic}
    uintx GCDrainStackTargetSize                   = 64                                        {product} {ergonomic}
   size_t InitialHeapSize                          = 134217728                                 {product} {ergonomic}
   size_t MarkStackSize                            = 4194304                                   {product} {ergonomic}
   size_t MaxHeapSize                              = 2118123520                                {product} {ergonomic}
   size_t MaxNewSize                               = 1270874112                                {product} {ergonomic}
   size_t MinHeapDeltaBytes                        = 1048576                                   {product} {ergonomic}
   size_t MinHeapSize                              = 8388608                                   {product} {ergonomic}
    uintx NonNMethodCodeHeapSize                   = 5839372                                {pd product} {ergonomic}
    uintx NonProfiledCodeHeapSize                  = 122909434                              {pd product} {ergonomic}
    uintx ProfiledCodeHeapSize                     = 122909434                              {pd product} {ergonomic}
    uintx ReservedCodeCacheSize                    = 251658240                              {pd product} {ergonomic}
     bool SegmentedCodeCache                       = true                                      {product} {ergonomic}
   size_t SoftMaxHeapSize                          = 2118123520                             {manageable} {ergonomic}
     bool UseCompressedClassPointers               = true                           {product lp64_product} {ergonomic}
     bool UseCompressedOops                        = true                           {product lp64_product} {ergonomic}
     bool UseG1GC                                  = true                                      {product} {ergonomic}
     bool UseLargePagesIndividualAllocation        = false                                  {pd product} {ergonomic}

Logging:
Log output configuration:
 #0: stdout all=warning uptime,level,tags
 #1: stderr all=off uptime,level,tags

Environment Variables:
PATH=C:\Program Files\Common Files\Oracle\Java\javapath;C:\ProgramData\Oracle\Java\javapath;C:\WINDOWS\system32;C:\WINDOWS;C:\WINDOWS\System32\Wbem;C:\WINDOWS\System32\WindowsPowerShell\v1.0\;C:\WINDOWS\System32\OpenSSH\;C:\xampp\php;C:\ProgramData\ComposerSetup\bin;C:\Program Files (x86)\sqlite3;C:\Program Files\nodejs\;C:\Program Files\Git\cmd;C:\Ruby27-x64\bin;C:\Users\Admin\AppData\Local\Microsoft\WindowsApps;;D:\Microsoft VS Code\bin;C:\Users\Admin\AppData\Roaming\Composer\vendor\bin;C:\Users\Admin\AppData\Roaming\npm;D:\JetBrains\IntelliJ IDEA 2021.2.1\bin;
USERNAME=Admin
OS=Windows_NT
PROCESSOR_IDENTIFIER=Intel64 Family 6 Model 142 Stepping 10, GenuineIntel



---------------  S Y S T E M  ---------------

OS:
 Windows 10 , 64 bit Build 19041 (10.0.19041.1202)
OS uptime: 10 days 8:00 hours

CPU: total 8 (initial active 8) (4 cores per cpu, 2 threads per core) family 6 model 142 stepping 10 microcode 0xb4, cx8, cmov, fxsr, ht, mmx, 3dnowpref, sse, sse2, sse3, ssse3, sse4.1, sse4.2, popcnt, lzcnt, tsc, tscinvbit, avx, avx2, aes, erms, clmul, bmi1, bmi2, adx, fma, vzeroupper, clflush, clflushopt

Memory: 4k page, system-wide physical 8075M (810M free)
TotalPageFile size 22309M (AvailPageFile size 217M)
current process WorkingSet (physical memory assigned to process): 158M, peak: 160M
current process commit charge ("private bytes"): 241M, peak: 497M

vm_info: Java HotSpot(TM) 64-Bit Server VM (16+36-2231) for windows-amd64 JRE (16+36-2231), built on Feb  8 2021 11:43:10 by "mach5one" with MS VC++ 16.7 (VS2019)

END.
